{"/Users/reetikachauhan/Documents/UW_programs/nodejs/Project Proposal/server.js": {"path":"/Users/reetikachauhan/Documents/UW_programs/nodejs/Project Proposal/server.js","statementMap":{"0":{"start":{"line":1,"column":16},"end":{"line":1,"column":34}},"1":{"start":{"line":3,"column":15},"end":{"line":3,"column":34}},"2":{"start":{"line":5,"column":15},"end":{"line":5,"column":24}},"3":{"start":{"line":7,"column":0},"end":{"line":7,"column":27}},"4":{"start":{"line":9,"column":0},"end":{"line":9,"column":19}},"5":{"start":{"line":11,"column":0},"end":{"line":11,"column":24}}},"fnMap":{},"branchMap":{},"s":{"0":5,"1":5,"2":5,"3":5,"4":5,"5":5},"f":{},"b":{},"_coverageSchema":"1a1c01bbd47fc00a2c39e90264f33305004495a9","hash":"2800cfa642dc3bfcdd82c55f22c1a32f4d6f2acb"}
,"/Users/reetikachauhan/Documents/UW_programs/nodejs/Project Proposal/test-utils.js": {"path":"/Users/reetikachauhan/Documents/UW_programs/nodejs/Project Proposal/test-utils.js","statementMap":{"0":{"start":{"line":1,"column":17},"end":{"line":1,"column":36}},"1":{"start":{"line":2,"column":15},"end":{"line":2,"column":156}},"2":{"start":{"line":4,"column":0},"end":{"line":4,"column":20}},"3":{"start":{"line":6,"column":0},"end":{"line":9,"column":1}},"4":{"start":{"line":7,"column":2},"end":{"line":7,"column":52}},"5":{"start":{"line":8,"column":2},"end":{"line":8,"column":54}},"6":{"start":{"line":8,"column":36},"end":{"line":8,"column":51}},"7":{"start":{"line":11,"column":0},"end":{"line":13,"column":1}},"8":{"start":{"line":12,"column":2},"end":{"line":12,"column":30}},"9":{"start":{"line":15,"column":0},"end":{"line":17,"column":1}},"10":{"start":{"line":16,"column":2},"end":{"line":16,"column":60}},"11":{"start":{"line":16,"column":40},"end":{"line":16,"column":58}},"12":{"start":{"line":19,"column":0},"end":{"line":25,"column":1}},"13":{"start":{"line":20,"column":17},"end":{"line":20,"column":50}},"14":{"start":{"line":21,"column":2},"end":{"line":23,"column":3}},"15":{"start":{"line":22,"column":4},"end":{"line":22,"column":39}},"16":{"start":{"line":24,"column":2},"end":{"line":24,"column":16}},"17":{"start":{"line":27,"column":0},"end":{"line":33,"column":1}},"18":{"start":{"line":28,"column":18},"end":{"line":28,"column":48}},"19":{"start":{"line":29,"column":2},"end":{"line":31,"column":5}},"20":{"start":{"line":30,"column":4},"end":{"line":30,"column":39}},"21":{"start":{"line":32,"column":2},"end":{"line":32,"column":17}}},"fnMap":{"0":{"name":"(anonymous_0)","decl":{"start":{"line":6,"column":27},"end":{"line":6,"column":28}},"loc":{"start":{"line":6,"column":39},"end":{"line":9,"column":1}},"line":6},"1":{"name":"(anonymous_1)","decl":{"start":{"line":8,"column":31},"end":{"line":8,"column":32}},"loc":{"start":{"line":8,"column":36},"end":{"line":8,"column":51}},"line":8},"2":{"name":"(anonymous_2)","decl":{"start":{"line":11,"column":24},"end":{"line":11,"column":25}},"loc":{"start":{"line":11,"column":36},"end":{"line":13,"column":1}},"line":11},"3":{"name":"(anonymous_3)","decl":{"start":{"line":15,"column":25},"end":{"line":15,"column":26}},"loc":{"start":{"line":15,"column":37},"end":{"line":17,"column":1}},"line":15},"4":{"name":"(anonymous_4)","decl":{"start":{"line":16,"column":31},"end":{"line":16,"column":32}},"loc":{"start":{"line":16,"column":40},"end":{"line":16,"column":58}},"line":16},"5":{"name":"(anonymous_5)","decl":{"start":{"line":19,"column":25},"end":{"line":19,"column":26}},"loc":{"start":{"line":19,"column":49},"end":{"line":25,"column":1}},"line":19},"6":{"name":"(anonymous_6)","decl":{"start":{"line":27,"column":22},"end":{"line":27,"column":23}},"loc":{"start":{"line":27,"column":46},"end":{"line":33,"column":1}},"line":27},"7":{"name":"(anonymous_7)","decl":{"start":{"line":29,"column":18},"end":{"line":29,"column":19}},"loc":{"start":{"line":29,"column":28},"end":{"line":31,"column":3}},"line":29}},"branchMap":{"0":{"loc":{"start":{"line":21,"column":2},"end":{"line":23,"column":3}},"type":"if","locations":[{"start":{"line":21,"column":2},"end":{"line":23,"column":3}},{"start":{},"end":{}}],"line":21}},"s":{"0":5,"1":5,"2":5,"3":5,"4":5,"5":5,"6":25,"7":5,"8":5,"9":5,"10":100,"11":500,"12":5,"13":0,"14":0,"15":0,"16":0,"17":5,"18":0,"19":0,"20":0,"21":0},"f":{"0":5,"1":25,"2":5,"3":100,"4":500,"5":0,"6":0,"7":0},"b":{"0":[0,0]},"_coverageSchema":"1a1c01bbd47fc00a2c39e90264f33305004495a9","hash":"b671e6c079684822873eb7c61f78bf1918dc457d"}
,"/Users/reetikachauhan/Documents/UW_programs/nodejs/Project Proposal/daos/airlines.js": {"path":"/Users/reetikachauhan/Documents/UW_programs/nodejs/Project Proposal/daos/airlines.js","statementMap":{"0":{"start":{"line":1,"column":17},"end":{"line":1,"column":46}},"1":{"start":{"line":2,"column":17},"end":{"line":2,"column":36}},"2":{"start":{"line":4,"column":0},"end":{"line":4,"column":20}},"3":{"start":{"line":8,"column":0},"end":{"line":11,"column":1}},"4":{"start":{"line":9,"column":20},"end":{"line":9,"column":48}},"5":{"start":{"line":10,"column":2},"end":{"line":10,"column":17}},"6":{"start":{"line":14,"column":0},"end":{"line":20,"column":1}},"7":{"start":{"line":15,"column":2},"end":{"line":17,"column":3}},"8":{"start":{"line":16,"column":4},"end":{"line":16,"column":16}},"9":{"start":{"line":18,"column":22},"end":{"line":18,"column":68}},"10":{"start":{"line":19,"column":4},"end":{"line":19,"column":19}},"11":{"start":{"line":22,"column":0},"end":{"line":35,"column":1}},"12":{"start":{"line":23,"column":2},"end":{"line":23,"column":27}},"13":{"start":{"line":24,"column":2},"end":{"line":34,"column":1}},"14":{"start":{"line":25,"column":2},"end":{"line":28,"column":3}},"15":{"start":{"line":26,"column":4},"end":{"line":26,"column":29}},"16":{"start":{"line":27,"column":4},"end":{"line":27,"column":17}},"17":{"start":{"line":29,"column":22},"end":{"line":29,"column":68}},"18":{"start":{"line":30,"column":2},"end":{"line":30,"column":47}},"19":{"start":{"line":31,"column":2},"end":{"line":31,"column":19}},"20":{"start":{"line":33,"column":4},"end":{"line":33,"column":46}},"21":{"start":{"line":37,"column":0},"end":{"line":40,"column":1}},"22":{"start":{"line":38,"column":24},"end":{"line":38,"column":57}},"23":{"start":{"line":39,"column":4},"end":{"line":39,"column":21}},"24":{"start":{"line":43,"column":0},"end":{"line":43,"column":43}}},"fnMap":{"0":{"name":"(anonymous_0)","decl":{"start":{"line":8,"column":29},"end":{"line":8,"column":30}},"loc":{"start":{"line":8,"column":40},"end":{"line":11,"column":1}},"line":8},"1":{"name":"(anonymous_1)","decl":{"start":{"line":14,"column":33},"end":{"line":14,"column":34}},"loc":{"start":{"line":14,"column":54},"end":{"line":20,"column":1}},"line":14},"2":{"name":"(anonymous_2)","decl":{"start":{"line":22,"column":32},"end":{"line":22,"column":33}},"loc":{"start":{"line":22,"column":57},"end":{"line":35,"column":1}},"line":22},"3":{"name":"(anonymous_3)","decl":{"start":{"line":37,"column":35},"end":{"line":37,"column":36}},"loc":{"start":{"line":37,"column":56},"end":{"line":40,"column":1}},"line":37}},"branchMap":{"0":{"loc":{"start":{"line":15,"column":2},"end":{"line":17,"column":3}},"type":"if","locations":[{"start":{"line":15,"column":2},"end":{"line":17,"column":3}},{"start":{},"end":{}}],"line":15},"1":{"loc":{"start":{"line":25,"column":2},"end":{"line":28,"column":3}},"type":"if","locations":[{"start":{"line":25,"column":2},"end":{"line":28,"column":3}},{"start":{},"end":{}}],"line":25}},"s":{"0":5,"1":5,"2":5,"3":5,"4":1,"5":1,"6":5,"7":5,"8":1,"9":4,"10":4,"11":5,"12":1,"13":1,"14":1,"15":0,"16":0,"17":1,"18":1,"19":1,"20":0,"21":5,"22":3,"23":3,"24":5},"f":{"0":1,"1":5,"2":1,"3":3},"b":{"0":[1,4],"1":[0,1]},"_coverageSchema":"1a1c01bbd47fc00a2c39e90264f33305004495a9","hash":"f90ef9e9125d12905a910d8f458b8c706adaae55"}
,"/Users/reetikachauhan/Documents/UW_programs/nodejs/Project Proposal/daos/airports.js": {"path":"/Users/reetikachauhan/Documents/UW_programs/nodejs/Project Proposal/daos/airports.js","statementMap":{"0":{"start":{"line":1,"column":16},"end":{"line":1,"column":45}},"1":{"start":{"line":2,"column":17},"end":{"line":2,"column":36}},"2":{"start":{"line":4,"column":0},"end":{"line":4,"column":20}},"3":{"start":{"line":8,"column":0},"end":{"line":11,"column":1}},"4":{"start":{"line":9,"column":20},"end":{"line":9,"column":47}},"5":{"start":{"line":10,"column":2},"end":{"line":10,"column":17}},"6":{"start":{"line":14,"column":0},"end":{"line":20,"column":1}},"7":{"start":{"line":15,"column":2},"end":{"line":17,"column":3}},"8":{"start":{"line":16,"column":4},"end":{"line":16,"column":16}},"9":{"start":{"line":18,"column":21},"end":{"line":18,"column":66}},"10":{"start":{"line":19,"column":4},"end":{"line":19,"column":18}},"11":{"start":{"line":21,"column":0},"end":{"line":26,"column":1}},"12":{"start":{"line":22,"column":2},"end":{"line":25,"column":45}},"13":{"start":{"line":27,"column":0},"end":{"line":33,"column":1}},"14":{"start":{"line":28,"column":2},"end":{"line":30,"column":3}},"15":{"start":{"line":29,"column":4},"end":{"line":29,"column":17}},"16":{"start":{"line":31,"column":22},"end":{"line":31,"column":67}},"17":{"start":{"line":32,"column":2},"end":{"line":32,"column":19}},"18":{"start":{"line":36,"column":0},"end":{"line":39,"column":1}},"19":{"start":{"line":37,"column":24},"end":{"line":37,"column":56}},"20":{"start":{"line":38,"column":4},"end":{"line":38,"column":21}},"21":{"start":{"line":42,"column":0},"end":{"line":42,"column":43}}},"fnMap":{"0":{"name":"(anonymous_0)","decl":{"start":{"line":8,"column":28},"end":{"line":8,"column":29}},"loc":{"start":{"line":8,"column":39},"end":{"line":11,"column":1}},"line":8},"1":{"name":"(anonymous_1)","decl":{"start":{"line":14,"column":32},"end":{"line":14,"column":33}},"loc":{"start":{"line":14,"column":53},"end":{"line":20,"column":1}},"line":14},"2":{"name":"(anonymous_2)","decl":{"start":{"line":21,"column":34},"end":{"line":21,"column":35}},"loc":{"start":{"line":21,"column":54},"end":{"line":26,"column":1}},"line":21},"3":{"name":"(anonymous_3)","decl":{"start":{"line":27,"column":31},"end":{"line":27,"column":32}},"loc":{"start":{"line":27,"column":56},"end":{"line":33,"column":1}},"line":27},"4":{"name":"(anonymous_4)","decl":{"start":{"line":36,"column":34},"end":{"line":36,"column":35}},"loc":{"start":{"line":36,"column":55},"end":{"line":39,"column":1}},"line":36}},"branchMap":{"0":{"loc":{"start":{"line":15,"column":2},"end":{"line":17,"column":3}},"type":"if","locations":[{"start":{"line":15,"column":2},"end":{"line":17,"column":3}},{"start":{},"end":{}}],"line":15},"1":{"loc":{"start":{"line":28,"column":2},"end":{"line":30,"column":3}},"type":"if","locations":[{"start":{"line":28,"column":2},"end":{"line":30,"column":3}},{"start":{},"end":{}}],"line":28}},"s":{"0":5,"1":5,"2":5,"3":5,"4":1,"5":1,"6":5,"7":6,"8":1,"9":5,"10":5,"11":5,"12":2,"13":5,"14":1,"15":0,"16":1,"17":1,"18":5,"19":3,"20":3,"21":5},"f":{"0":1,"1":6,"2":2,"3":1,"4":3},"b":{"0":[1,5],"1":[0,1]},"_coverageSchema":"1a1c01bbd47fc00a2c39e90264f33305004495a9","hash":"baae57a577aae6f7fe9f6a1df6b80fb14c1326f1"}
,"/Users/reetikachauhan/Documents/UW_programs/nodejs/Project Proposal/daos/booking.js": {"path":"/Users/reetikachauhan/Documents/UW_programs/nodejs/Project Proposal/daos/booking.js","statementMap":{"0":{"start":{"line":1,"column":16},"end":{"line":1,"column":44}},"1":{"start":{"line":2,"column":17},"end":{"line":2,"column":36}},"2":{"start":{"line":3,"column":16},"end":{"line":3,"column":44}},"3":{"start":{"line":4,"column":0},"end":{"line":4,"column":20}},"4":{"start":{"line":8,"column":0},"end":{"line":11,"column":1}},"5":{"start":{"line":9,"column":27},"end":{"line":9,"column":144}},"6":{"start":{"line":10,"column":4},"end":{"line":10,"column":24}},"7":{"start":{"line":13,"column":0},"end":{"line":24,"column":1}},"8":{"start":{"line":15,"column":4},"end":{"line":21,"column":5}},"9":{"start":{"line":16,"column":9},"end":{"line":16,"column":71}},"10":{"start":{"line":17,"column":9},"end":{"line":17,"column":66}},"11":{"start":{"line":20,"column":9},"end":{"line":20,"column":54}},"12":{"start":{"line":23,"column":4},"end":{"line":23,"column":23}},"13":{"start":{"line":25,"column":0},"end":{"line":37,"column":1}},"14":{"start":{"line":27,"column":4},"end":{"line":34,"column":5}},"15":{"start":{"line":28,"column":8},"end":{"line":28,"column":46}},"16":{"start":{"line":29,"column":9},"end":{"line":29,"column":81}},"17":{"start":{"line":30,"column":9},"end":{"line":30,"column":79}},"18":{"start":{"line":33,"column":9},"end":{"line":33,"column":63}},"19":{"start":{"line":36,"column":4},"end":{"line":36,"column":23}},"20":{"start":{"line":39,"column":0},"end":{"line":59,"column":1}},"21":{"start":{"line":40,"column":4},"end":{"line":57,"column":5}},"22":{"start":{"line":41,"column":26},"end":{"line":41,"column":58}},"23":{"start":{"line":42,"column":27},"end":{"line":49,"column":17}},"24":{"start":{"line":52,"column":8},"end":{"line":52,"column":66}},"25":{"start":{"line":53,"column":8},"end":{"line":53,"column":26}},"26":{"start":{"line":55,"column":8},"end":{"line":55,"column":54}},"27":{"start":{"line":56,"column":8},"end":{"line":56,"column":17}},"28":{"start":{"line":61,"column":0},"end":{"line":163,"column":2}},"29":{"start":{"line":62,"column":4},"end":{"line":64,"column":5}},"30":{"start":{"line":63,"column":8},"end":{"line":63,"column":20}},"31":{"start":{"line":65,"column":20},"end":{"line":65,"column":55}},"32":{"start":{"line":66,"column":23},"end":{"line":66,"column":61}},"33":{"start":{"line":67,"column":4},"end":{"line":162,"column":9}},"34":{"start":{"line":68,"column":23},"end":{"line":154,"column":6}},"35":{"start":{"line":155,"column":4},"end":{"line":155,"column":51}},"36":{"start":{"line":156,"column":4},"end":{"line":156,"column":18}},"37":{"start":{"line":160,"column":9},"end":{"line":160,"column":63}},"38":{"start":{"line":161,"column":8},"end":{"line":161,"column":19}},"39":{"start":{"line":244,"column":0},"end":{"line":244,"column":43}}},"fnMap":{"0":{"name":"(anonymous_0)","decl":{"start":{"line":8,"column":28},"end":{"line":8,"column":29}},"loc":{"start":{"line":8,"column":69},"end":{"line":11,"column":1}},"line":8},"1":{"name":"(anonymous_1)","decl":{"start":{"line":13,"column":29},"end":{"line":13,"column":30}},"loc":{"start":{"line":13,"column":44},"end":{"line":24,"column":1}},"line":13},"2":{"name":"(anonymous_2)","decl":{"start":{"line":25,"column":35},"end":{"line":25,"column":36}},"loc":{"start":{"line":25,"column":53},"end":{"line":37,"column":1}},"line":25},"3":{"name":"(anonymous_3)","decl":{"start":{"line":39,"column":29},"end":{"line":39,"column":30}},"loc":{"start":{"line":39,"column":43},"end":{"line":59,"column":1}},"line":39},"4":{"name":"(anonymous_4)","decl":{"start":{"line":61,"column":33},"end":{"line":61,"column":34}},"loc":{"start":{"line":61,"column":62},"end":{"line":163,"column":1}},"line":61}},"branchMap":{"0":{"loc":{"start":{"line":15,"column":4},"end":{"line":21,"column":5}},"type":"if","locations":[{"start":{"line":15,"column":4},"end":{"line":21,"column":5}},{"start":{"line":19,"column":8},"end":{"line":21,"column":5}}],"line":15},"1":{"loc":{"start":{"line":27,"column":4},"end":{"line":34,"column":5}},"type":"if","locations":[{"start":{"line":27,"column":4},"end":{"line":34,"column":5}},{"start":{"line":32,"column":8},"end":{"line":34,"column":5}}],"line":27},"2":{"loc":{"start":{"line":62,"column":4},"end":{"line":64,"column":5}},"type":"if","locations":[{"start":{"line":62,"column":4},"end":{"line":64,"column":5}},{"start":{},"end":{}}],"line":62}},"s":{"0":5,"1":5,"2":5,"3":5,"4":5,"5":19,"6":19,"7":5,"8":2,"9":1,"10":1,"11":1,"12":2,"13":5,"14":4,"15":2,"16":2,"17":2,"18":2,"19":4,"20":5,"21":20,"22":20,"23":20,"24":20,"25":20,"26":0,"27":0,"28":5,"29":2,"30":0,"31":2,"32":2,"33":2,"34":2,"35":2,"36":2,"37":0,"38":0,"39":5},"f":{"0":19,"1":2,"2":4,"3":20,"4":2},"b":{"0":[1,1],"1":[2,2],"2":[0,2]},"_coverageSchema":"1a1c01bbd47fc00a2c39e90264f33305004495a9","hash":"514d68502d41de12b84defe99d775c06e6e29d60"}
,"/Users/reetikachauhan/Documents/UW_programs/nodejs/Project Proposal/daos/flights.js": {"path":"/Users/reetikachauhan/Documents/UW_programs/nodejs/Project Proposal/daos/flights.js","statementMap":{"0":{"start":{"line":1,"column":16},"end":{"line":1,"column":44}},"1":{"start":{"line":2,"column":17},"end":{"line":2,"column":36}},"2":{"start":{"line":4,"column":0},"end":{"line":4,"column":20}},"3":{"start":{"line":6,"column":0},"end":{"line":9,"column":1}},"4":{"start":{"line":7,"column":19},"end":{"line":7,"column":46}},"5":{"start":{"line":8,"column":2},"end":{"line":8,"column":16}},"6":{"start":{"line":12,"column":0},"end":{"line":18,"column":1}},"7":{"start":{"line":13,"column":4},"end":{"line":15,"column":7}},"8":{"start":{"line":14,"column":8},"end":{"line":14,"column":21}},"9":{"start":{"line":16,"column":20},"end":{"line":16,"column":67}},"10":{"start":{"line":17,"column":4},"end":{"line":17,"column":17}},"11":{"start":{"line":21,"column":0},"end":{"line":76,"column":1}},"12":{"start":{"line":22,"column":2},"end":{"line":75,"column":3}},"13":{"start":{"line":24,"column":4},"end":{"line":26,"column":5}},"14":{"start":{"line":25,"column":8},"end":{"line":25,"column":15}},"15":{"start":{"line":29,"column":19},"end":{"line":70,"column":6}},"16":{"start":{"line":71,"column":4},"end":{"line":71,"column":17}},"17":{"start":{"line":73,"column":6},"end":{"line":73,"column":60}},"18":{"start":{"line":74,"column":6},"end":{"line":74,"column":17}},"19":{"start":{"line":78,"column":0},"end":{"line":96,"column":1}},"20":{"start":{"line":79,"column":2},"end":{"line":95,"column":1}},"21":{"start":{"line":80,"column":17},"end":{"line":80,"column":55}},"22":{"start":{"line":82,"column":26},"end":{"line":86,"column":12}},"23":{"start":{"line":88,"column":4},"end":{"line":90,"column":5}},"24":{"start":{"line":89,"column":8},"end":{"line":89,"column":52}},"25":{"start":{"line":91,"column":4},"end":{"line":91,"column":25}},"26":{"start":{"line":93,"column":4},"end":{"line":93,"column":54}},"27":{"start":{"line":94,"column":4},"end":{"line":94,"column":14}},"28":{"start":{"line":98,"column":0},"end":{"line":101,"column":1}},"29":{"start":{"line":99,"column":23},"end":{"line":99,"column":54}},"30":{"start":{"line":100,"column":4},"end":{"line":100,"column":20}},"31":{"start":{"line":104,"column":0},"end":{"line":104,"column":43}}},"fnMap":{"0":{"name":"(anonymous_0)","decl":{"start":{"line":6,"column":28},"end":{"line":6,"column":29}},"loc":{"start":{"line":6,"column":39},"end":{"line":9,"column":1}},"line":6},"1":{"name":"(anonymous_1)","decl":{"start":{"line":12,"column":32},"end":{"line":12,"column":33}},"loc":{"start":{"line":12,"column":52},"end":{"line":18,"column":1}},"line":12},"2":{"name":"(anonymous_2)","decl":{"start":{"line":21,"column":41},"end":{"line":21,"column":42}},"loc":{"start":{"line":21,"column":90},"end":{"line":76,"column":1}},"line":21},"3":{"name":"(anonymous_3)","decl":{"start":{"line":78,"column":34},"end":{"line":78,"column":35}},"loc":{"start":{"line":78,"column":64},"end":{"line":96,"column":1}},"line":78},"4":{"name":"(anonymous_4)","decl":{"start":{"line":98,"column":33},"end":{"line":98,"column":34}},"loc":{"start":{"line":98,"column":53},"end":{"line":101,"column":1}},"line":98}},"branchMap":{"0":{"loc":{"start":{"line":13,"column":4},"end":{"line":15,"column":7}},"type":"if","locations":[{"start":{"line":13,"column":4},"end":{"line":15,"column":7}},{"start":{},"end":{}}],"line":13},"1":{"loc":{"start":{"line":24,"column":4},"end":{"line":26,"column":5}},"type":"if","locations":[{"start":{"line":24,"column":4},"end":{"line":26,"column":5}},{"start":{},"end":{}}],"line":24},"2":{"loc":{"start":{"line":24,"column":8},"end":{"line":24,"column":50}},"type":"binary-expr","locations":[{"start":{"line":24,"column":8},"end":{"line":24,"column":28}},{"start":{"line":24,"column":32},"end":{"line":24,"column":50}}],"line":24},"3":{"loc":{"start":{"line":88,"column":4},"end":{"line":90,"column":5}},"type":"if","locations":[{"start":{"line":88,"column":4},"end":{"line":90,"column":5}},{"start":{},"end":{}}],"line":88}},"s":{"0":5,"1":5,"2":5,"3":5,"4":2,"5":2,"6":5,"7":3,"8":1,"9":2,"10":2,"11":5,"12":0,"13":0,"14":0,"15":0,"16":0,"17":0,"18":0,"19":5,"20":19,"21":19,"22":19,"23":19,"24":0,"25":19,"26":0,"27":0,"28":5,"29":1,"30":1,"31":5},"f":{"0":2,"1":3,"2":0,"3":19,"4":1},"b":{"0":[1,2],"1":[0,0],"2":[0,0],"3":[0,19]},"_coverageSchema":"1a1c01bbd47fc00a2c39e90264f33305004495a9","hash":"fb2388370ce9a9fcad949da22a8ab79039932f02"}
,"/Users/reetikachauhan/Documents/UW_programs/nodejs/Project Proposal/daos/token.js": {"path":"/Users/reetikachauhan/Documents/UW_programs/nodejs/Project Proposal/daos/token.js","statementMap":{"0":{"start":{"line":1,"column":13},"end":{"line":1,"column":38}},"1":{"start":{"line":2,"column":12},"end":{"line":2,"column":35}},"2":{"start":{"line":4,"column":0},"end":{"line":4,"column":20}},"3":{"start":{"line":6,"column":0},"end":{"line":21,"column":1}},"4":{"start":{"line":7,"column":4},"end":{"line":20,"column":5}},"5":{"start":{"line":8,"column":28},"end":{"line":8,"column":69}},"6":{"start":{"line":9,"column":26},"end":{"line":9,"column":92}},"7":{"start":{"line":10,"column":24},"end":{"line":14,"column":9}},"8":{"start":{"line":16,"column":22},"end":{"line":16,"column":50}},"9":{"start":{"line":17,"column":8},"end":{"line":17,"column":20}},"10":{"start":{"line":19,"column":8},"end":{"line":19,"column":16}},"11":{"start":{"line":23,"column":0},"end":{"line":35,"column":2}},"12":{"start":{"line":24,"column":22},"end":{"line":24,"column":88}},"13":{"start":{"line":26,"column":4},"end":{"line":34,"column":7}},"14":{"start":{"line":27,"column":8},"end":{"line":33,"column":11}},"15":{"start":{"line":28,"column":12},"end":{"line":32,"column":13}},"16":{"start":{"line":29,"column":16},"end":{"line":29,"column":28}},"17":{"start":{"line":31,"column":16},"end":{"line":31,"column":33}},"18":{"start":{"line":38,"column":0},"end":{"line":38,"column":43}}},"fnMap":{"0":{"name":"(anonymous_0)","decl":{"start":{"line":6,"column":36},"end":{"line":6,"column":37}},"loc":{"start":{"line":6,"column":53},"end":{"line":21,"column":1}},"line":6},"1":{"name":"(anonymous_1)","decl":{"start":{"line":23,"column":34},"end":{"line":23,"column":35}},"loc":{"start":{"line":23,"column":57},"end":{"line":35,"column":1}},"line":23},"2":{"name":"(anonymous_2)","decl":{"start":{"line":26,"column":23},"end":{"line":26,"column":24}},"loc":{"start":{"line":26,"column":44},"end":{"line":34,"column":5}},"line":26},"3":{"name":"(anonymous_3)","decl":{"start":{"line":27,"column":43},"end":{"line":27,"column":44}},"loc":{"start":{"line":27,"column":61},"end":{"line":33,"column":9}},"line":27}},"branchMap":{"0":{"loc":{"start":{"line":28,"column":12},"end":{"line":32,"column":13}},"type":"if","locations":[{"start":{"line":28,"column":12},"end":{"line":32,"column":13}},{"start":{"line":30,"column":19},"end":{"line":32,"column":13}}],"line":28}},"s":{"0":5,"1":5,"2":5,"3":5,"4":70,"5":70,"6":70,"7":70,"8":70,"9":70,"10":0,"11":5,"12":51,"13":51,"14":51,"15":51,"16":0,"17":51,"18":5},"f":{"0":70,"1":51,"2":51,"3":51},"b":{"0":[0,51]},"_coverageSchema":"1a1c01bbd47fc00a2c39e90264f33305004495a9","hash":"379ada61841e3cc47e231c1f528a507ccf2fc9b9"}
,"/Users/reetikachauhan/Documents/UW_programs/nodejs/Project Proposal/daos/user.js": {"path":"/Users/reetikachauhan/Documents/UW_programs/nodejs/Project Proposal/daos/user.js","statementMap":{"0":{"start":{"line":1,"column":13},"end":{"line":1,"column":38}},"1":{"start":{"line":2,"column":15},"end":{"line":2,"column":32}},"2":{"start":{"line":4,"column":0},"end":{"line":4,"column":20}},"3":{"start":{"line":8,"column":0},"end":{"line":11,"column":1}},"4":{"start":{"line":9,"column":22},"end":{"line":9,"column":64}},"5":{"start":{"line":10,"column":2},"end":{"line":10,"column":19}},"6":{"start":{"line":14,"column":0},"end":{"line":17,"column":1}},"7":{"start":{"line":15,"column":25},"end":{"line":15,"column":55}},"8":{"start":{"line":16,"column":2},"end":{"line":16,"column":74}},"9":{"start":{"line":19,"column":0},"end":{"line":31,"column":1}},"10":{"start":{"line":20,"column":4},"end":{"line":30,"column":5}},"11":{"start":{"line":21,"column":31},"end":{"line":21,"column":69}},"12":{"start":{"line":22,"column":24},"end":{"line":22,"column":155}},"13":{"start":{"line":24,"column":8},"end":{"line":24,"column":23}},"14":{"start":{"line":26,"column":8},"end":{"line":28,"column":9}},"15":{"start":{"line":27,"column":12},"end":{"line":27,"column":59}},"16":{"start":{"line":29,"column":8},"end":{"line":29,"column":20}},"17":{"start":{"line":34,"column":0},"end":{"line":34,"column":43}}},"fnMap":{"0":{"name":"(anonymous_0)","decl":{"start":{"line":8,"column":25},"end":{"line":8,"column":26}},"loc":{"start":{"line":8,"column":41},"end":{"line":11,"column":1}},"line":8},"1":{"name":"(anonymous_1)","decl":{"start":{"line":14,"column":36},"end":{"line":14,"column":37}},"loc":{"start":{"line":14,"column":64},"end":{"line":17,"column":1}},"line":14},"2":{"name":"(anonymous_2)","decl":{"start":{"line":19,"column":24},"end":{"line":19,"column":25}},"loc":{"start":{"line":19,"column":42},"end":{"line":31,"column":1}},"line":19}},"branchMap":{"0":{"loc":{"start":{"line":26,"column":8},"end":{"line":28,"column":9}},"type":"if","locations":[{"start":{"line":26,"column":8},"end":{"line":28,"column":9}},{"start":{},"end":{}}],"line":26},"1":{"loc":{"start":{"line":26,"column":12},"end":{"line":26,"column":58}},"type":"binary-expr","locations":[{"start":{"line":26,"column":12},"end":{"line":26,"column":32}},{"start":{"line":26,"column":36},"end":{"line":26,"column":58}}],"line":26}},"s":{"0":5,"1":5,"2":5,"3":5,"4":75,"5":75,"6":5,"7":2,"8":2,"9":5,"10":84,"11":84,"12":84,"13":83,"14":1,"15":1,"16":0,"17":5},"f":{"0":75,"1":2,"2":84},"b":{"0":[1,0],"1":[1,1]},"_coverageSchema":"1a1c01bbd47fc00a2c39e90264f33305004495a9","hash":"12a827c374a740903ede16040960c8808d49d049"}
,"/Users/reetikachauhan/Documents/UW_programs/nodejs/Project Proposal/middleware/authorization.js": {"path":"/Users/reetikachauhan/Documents/UW_programs/nodejs/Project Proposal/middleware/authorization.js","statementMap":{"0":{"start":{"line":1,"column":16},"end":{"line":12,"column":1}},"1":{"start":{"line":2,"column":4},"end":{"line":11,"column":5}},"2":{"start":{"line":3,"column":8},"end":{"line":7,"column":9}},"3":{"start":{"line":4,"column":12},"end":{"line":4,"column":19}},"4":{"start":{"line":6,"column":12},"end":{"line":6,"column":32}},"5":{"start":{"line":9,"column":8},"end":{"line":9,"column":52}},"6":{"start":{"line":10,"column":8},"end":{"line":10,"column":65}},"7":{"start":{"line":14,"column":0},"end":{"line":14,"column":25}}},"fnMap":{"0":{"name":"(anonymous_0)","decl":{"start":{"line":1,"column":16},"end":{"line":1,"column":17}},"loc":{"start":{"line":1,"column":42},"end":{"line":12,"column":1}},"line":1}},"branchMap":{"0":{"loc":{"start":{"line":3,"column":8},"end":{"line":7,"column":9}},"type":"if","locations":[{"start":{"line":3,"column":8},"end":{"line":7,"column":9}},{"start":{"line":5,"column":15},"end":{"line":7,"column":9}}],"line":3}},"s":{"0":5,"1":19,"2":19,"3":14,"4":5,"5":0,"6":0,"7":5},"f":{"0":19},"b":{"0":[14,5]},"_coverageSchema":"1a1c01bbd47fc00a2c39e90264f33305004495a9","hash":"8768816da095a4fa506374f66ba2b16fce6aefd1"}
,"/Users/reetikachauhan/Documents/UW_programs/nodejs/Project Proposal/middleware/logged_in.js": {"path":"/Users/reetikachauhan/Documents/UW_programs/nodejs/Project Proposal/middleware/logged_in.js","statementMap":{"0":{"start":{"line":1,"column":17},"end":{"line":1,"column":41}},"1":{"start":{"line":3,"column":19},"end":{"line":30,"column":1}},"2":{"start":{"line":5,"column":16},"end":{"line":5,"column":56}},"3":{"start":{"line":7,"column":2},"end":{"line":9,"column":3}},"4":{"start":{"line":8,"column":4},"end":{"line":8,"column":67}},"5":{"start":{"line":11,"column":2},"end":{"line":29,"column":3}},"6":{"start":{"line":13,"column":17},"end":{"line":13,"column":55}},"7":{"start":{"line":15,"column":4},"end":{"line":17,"column":5}},"8":{"start":{"line":16,"column":6},"end":{"line":16,"column":65}},"9":{"start":{"line":19,"column":4},"end":{"line":19,"column":20}},"10":{"start":{"line":22,"column":4},"end":{"line":22,"column":11}},"11":{"start":{"line":24,"column":4},"end":{"line":26,"column":7}},"12":{"start":{"line":25,"column":8},"end":{"line":25,"column":67}},"13":{"start":{"line":28,"column":4},"end":{"line":28,"column":57}},"14":{"start":{"line":32,"column":0},"end":{"line":32,"column":28}}},"fnMap":{"0":{"name":"(anonymous_0)","decl":{"start":{"line":3,"column":19},"end":{"line":3,"column":20}},"loc":{"start":{"line":3,"column":45},"end":{"line":30,"column":1}},"line":3}},"branchMap":{"0":{"loc":{"start":{"line":7,"column":2},"end":{"line":9,"column":3}},"type":"if","locations":[{"start":{"line":7,"column":2},"end":{"line":9,"column":3}},{"start":{},"end":{}}],"line":7},"1":{"loc":{"start":{"line":7,"column":6},"end":{"line":7,"column":31}},"type":"binary-expr","locations":[{"start":{"line":7,"column":6},"end":{"line":7,"column":12}},{"start":{"line":7,"column":16},"end":{"line":7,"column":31}}],"line":7},"2":{"loc":{"start":{"line":15,"column":4},"end":{"line":17,"column":5}},"type":"if","locations":[{"start":{"line":15,"column":4},"end":{"line":17,"column":5}},{"start":{},"end":{}}],"line":15},"3":{"loc":{"start":{"line":24,"column":4},"end":{"line":26,"column":7}},"type":"if","locations":[{"start":{"line":24,"column":4},"end":{"line":26,"column":7}},{"start":{},"end":{}}],"line":24},"4":{"loc":{"start":{"line":24,"column":8},"end":{"line":24,"column":80}},"type":"binary-expr","locations":[{"start":{"line":24,"column":8},"end":{"line":24,"column":41}},{"start":{"line":24,"column":45},"end":{"line":24,"column":80}}],"line":24}},"s":{"0":5,"1":5,"2":65,"3":65,"4":14,"5":51,"6":51,"7":51,"8":0,"9":51,"10":51,"11":0,"12":0,"13":0,"14":5},"f":{"0":65},"b":{"0":[14,51],"1":[65,58],"2":[0,51],"3":[0,0],"4":[0,0]},"_coverageSchema":"1a1c01bbd47fc00a2c39e90264f33305004495a9","hash":"064d619205f75b0a5f3f921d0f550e06d3f8d5ee"}
,"/Users/reetikachauhan/Documents/UW_programs/nodejs/Project Proposal/models/airlines.js": {"path":"/Users/reetikachauhan/Documents/UW_programs/nodejs/Project Proposal/models/airlines.js","statementMap":{"0":{"start":{"line":1,"column":17},"end":{"line":1,"column":36}},"1":{"start":{"line":3,"column":22},"end":{"line":8,"column":2}},"2":{"start":{"line":11,"column":0},"end":{"line":11,"column":59}}},"fnMap":{},"branchMap":{},"s":{"0":5,"1":5,"2":5},"f":{},"b":{},"_coverageSchema":"1a1c01bbd47fc00a2c39e90264f33305004495a9","hash":"31a1577f6de35b31a4c4bfc97006d9da92c6acfa"}
,"/Users/reetikachauhan/Documents/UW_programs/nodejs/Project Proposal/models/airports.js": {"path":"/Users/reetikachauhan/Documents/UW_programs/nodejs/Project Proposal/models/airports.js","statementMap":{"0":{"start":{"line":1,"column":17},"end":{"line":1,"column":36}},"1":{"start":{"line":3,"column":22},"end":{"line":8,"column":2}},"2":{"start":{"line":10,"column":0},"end":{"line":10,"column":42}},"3":{"start":{"line":11,"column":0},"end":{"line":11,"column":59}}},"fnMap":{},"branchMap":{},"s":{"0":5,"1":5,"2":5,"3":5},"f":{},"b":{},"_coverageSchema":"1a1c01bbd47fc00a2c39e90264f33305004495a9","hash":"a87312c62b8a255236acb467f7b08862326cfd6a"}
,"/Users/reetikachauhan/Documents/UW_programs/nodejs/Project Proposal/models/booking.js": {"path":"/Users/reetikachauhan/Documents/UW_programs/nodejs/Project Proposal/models/booking.js","statementMap":{"0":{"start":{"line":1,"column":17},"end":{"line":1,"column":36}},"1":{"start":{"line":3,"column":22},"end":{"line":10,"column":2}},"2":{"start":{"line":13,"column":0},"end":{"line":13,"column":58}}},"fnMap":{},"branchMap":{},"s":{"0":5,"1":5,"2":5},"f":{},"b":{},"_coverageSchema":"1a1c01bbd47fc00a2c39e90264f33305004495a9","hash":"2cf990e04c57e9d60f35207eada6b513d632079d"}
,"/Users/reetikachauhan/Documents/UW_programs/nodejs/Project Proposal/models/flights.js": {"path":"/Users/reetikachauhan/Documents/UW_programs/nodejs/Project Proposal/models/flights.js","statementMap":{"0":{"start":{"line":1,"column":17},"end":{"line":1,"column":36}},"1":{"start":{"line":3,"column":21},"end":{"line":24,"column":2}},"2":{"start":{"line":27,"column":0},"end":{"line":27,"column":58}}},"fnMap":{},"branchMap":{},"s":{"0":5,"1":5,"2":5},"f":{},"b":{},"_coverageSchema":"1a1c01bbd47fc00a2c39e90264f33305004495a9","hash":"a7448075f5eae23a72e67af5b82ce9cdfd4e2db6"}
,"/Users/reetikachauhan/Documents/UW_programs/nodejs/Project Proposal/models/user.js": {"path":"/Users/reetikachauhan/Documents/UW_programs/nodejs/Project Proposal/models/user.js","statementMap":{"0":{"start":{"line":1,"column":17},"end":{"line":1,"column":36}},"1":{"start":{"line":3,"column":19},"end":{"line":10,"column":2}},"2":{"start":{"line":13,"column":0},"end":{"line":13,"column":53}}},"fnMap":{},"branchMap":{},"s":{"0":5,"1":5,"2":5},"f":{},"b":{},"_coverageSchema":"1a1c01bbd47fc00a2c39e90264f33305004495a9","hash":"b5c60a1d09c5335f8559e731e493c5bf48d0b61c"}
,"/Users/reetikachauhan/Documents/UW_programs/nodejs/Project Proposal/routes/airlines.js": {"path":"/Users/reetikachauhan/Documents/UW_programs/nodejs/Project Proposal/routes/airlines.js","statementMap":{"0":{"start":{"line":1,"column":19},"end":{"line":1,"column":37}},"1":{"start":{"line":2,"column":15},"end":{"line":2,"column":23}},"2":{"start":{"line":4,"column":17},"end":{"line":4,"column":41}},"3":{"start":{"line":5,"column":19},"end":{"line":5,"column":46}},"4":{"start":{"line":6,"column":19},"end":{"line":6,"column":53}},"5":{"start":{"line":7,"column":16},"end":{"line":7,"column":54}},"6":{"start":{"line":10,"column":0},"end":{"line":28,"column":3}},"7":{"start":{"line":11,"column":23},"end":{"line":11,"column":31}},"8":{"start":{"line":12,"column":4},"end":{"line":27,"column":5}},"9":{"start":{"line":13,"column":8},"end":{"line":13,"column":44}},"10":{"start":{"line":15,"column":8},"end":{"line":26,"column":9}},"11":{"start":{"line":16,"column":34},"end":{"line":16,"column":80}},"12":{"start":{"line":17,"column":12},"end":{"line":17,"column":35}},"13":{"start":{"line":19,"column":12},"end":{"line":25,"column":13}},"14":{"start":{"line":21,"column":16},"end":{"line":21,"column":59}},"15":{"start":{"line":24,"column":16},"end":{"line":24,"column":28}},"16":{"start":{"line":31,"column":0},"end":{"line":38,"column":3}},"17":{"start":{"line":32,"column":4},"end":{"line":37,"column":5}},"18":{"start":{"line":33,"column":31},"end":{"line":33,"column":61}},"19":{"start":{"line":34,"column":8},"end":{"line":34,"column":52}},"20":{"start":{"line":36,"column":8},"end":{"line":36,"column":15}},"21":{"start":{"line":41,"column":0},"end":{"line":62,"column":3}},"22":{"start":{"line":42,"column":22},"end":{"line":42,"column":35}},"23":{"start":{"line":43,"column":4},"end":{"line":61,"column":5}},"24":{"start":{"line":44,"column":30},"end":{"line":44,"column":74}},"25":{"start":{"line":45,"column":8},"end":{"line":51,"column":9}},"26":{"start":{"line":46,"column":11},"end":{"line":46,"column":34}},"27":{"start":{"line":50,"column":13},"end":{"line":50,"column":51}},"28":{"start":{"line":53,"column":8},"end":{"line":60,"column":9}},"29":{"start":{"line":55,"column":12},"end":{"line":55,"column":55}},"30":{"start":{"line":58,"column":12},"end":{"line":58,"column":52}},"31":{"start":{"line":59,"column":12},"end":{"line":59,"column":24}},"32":{"start":{"line":64,"column":0},"end":{"line":75,"column":3}},"33":{"start":{"line":65,"column":26},"end":{"line":65,"column":34}},"34":{"start":{"line":66,"column":16},"end":{"line":66,"column":29}},"35":{"start":{"line":67,"column":4},"end":{"line":73,"column":5}},"36":{"start":{"line":68,"column":34},"end":{"line":68,"column":84}},"37":{"start":{"line":69,"column":8},"end":{"line":69,"column":55}},"38":{"start":{"line":71,"column":8},"end":{"line":71,"column":41}},"39":{"start":{"line":72,"column":8},"end":{"line":72,"column":15}},"40":{"start":{"line":77,"column":2},"end":{"line":77,"column":26}}},"fnMap":{"0":{"name":"(anonymous_0)","decl":{"start":{"line":10,"column":36},"end":{"line":10,"column":37}},"loc":{"start":{"line":10,"column":62},"end":{"line":28,"column":1}},"line":10},"1":{"name":"(anonymous_1)","decl":{"start":{"line":31,"column":16},"end":{"line":31,"column":17}},"loc":{"start":{"line":31,"column":42},"end":{"line":38,"column":1}},"line":31},"2":{"name":"(anonymous_2)","decl":{"start":{"line":41,"column":19},"end":{"line":41,"column":20}},"loc":{"start":{"line":41,"column":45},"end":{"line":62,"column":1}},"line":41},"3":{"name":"(anonymous_3)","decl":{"start":{"line":64,"column":37},"end":{"line":64,"column":38}},"loc":{"start":{"line":64,"column":63},"end":{"line":75,"column":1}},"line":64}},"branchMap":{"0":{"loc":{"start":{"line":12,"column":4},"end":{"line":27,"column":5}},"type":"if","locations":[{"start":{"line":12,"column":4},"end":{"line":27,"column":5}},{"start":{"line":14,"column":11},"end":{"line":27,"column":5}}],"line":12},"1":{"loc":{"start":{"line":12,"column":9},"end":{"line":12,"column":97}},"type":"binary-expr","locations":[{"start":{"line":12,"column":9},"end":{"line":12,"column":20}},{"start":{"line":12,"column":23},"end":{"line":12,"column":58}},{"start":{"line":12,"column":61},"end":{"line":12,"column":77}},{"start":{"line":12,"column":81},"end":{"line":12,"column":97}}],"line":12},"2":{"loc":{"start":{"line":19,"column":12},"end":{"line":25,"column":13}},"type":"if","locations":[{"start":{"line":19,"column":12},"end":{"line":25,"column":13}},{"start":{"line":22,"column":19},"end":{"line":25,"column":13}}],"line":19},"3":{"loc":{"start":{"line":45,"column":8},"end":{"line":51,"column":9}},"type":"if","locations":[{"start":{"line":45,"column":8},"end":{"line":51,"column":9}},{"start":{"line":48,"column":13},"end":{"line":51,"column":9}}],"line":45},"4":{"loc":{"start":{"line":53,"column":8},"end":{"line":60,"column":9}},"type":"if","locations":[{"start":{"line":53,"column":8},"end":{"line":60,"column":9}},{"start":{"line":56,"column":15},"end":{"line":60,"column":9}}],"line":53}},"s":{"0":5,"1":5,"2":5,"3":5,"4":5,"5":5,"6":5,"7":5,"8":5,"9":2,"10":3,"11":3,"12":3,"13":0,"14":0,"15":0,"16":5,"17":1,"18":1,"19":1,"20":0,"21":5,"22":5,"23":5,"24":5,"25":5,"26":4,"27":1,"28":0,"29":0,"30":0,"31":0,"32":5,"33":1,"34":1,"35":1,"36":1,"37":1,"38":0,"39":0,"40":5},"f":{"0":5,"1":1,"2":5,"3":1},"b":{"0":[2,3],"1":[5,5,4,3],"2":[0,0],"3":[4,1],"4":[0,0]},"_coverageSchema":"1a1c01bbd47fc00a2c39e90264f33305004495a9","hash":"3882fcb0860c3fab3d4c7cd9cc610e9d5330fb5d"}
,"/Users/reetikachauhan/Documents/UW_programs/nodejs/Project Proposal/routes/airports.js": {"path":"/Users/reetikachauhan/Documents/UW_programs/nodejs/Project Proposal/routes/airports.js","statementMap":{"0":{"start":{"line":1,"column":19},"end":{"line":1,"column":37}},"1":{"start":{"line":2,"column":15},"end":{"line":2,"column":23}},"2":{"start":{"line":4,"column":17},"end":{"line":4,"column":41}},"3":{"start":{"line":5,"column":19},"end":{"line":5,"column":46}},"4":{"start":{"line":6,"column":19},"end":{"line":6,"column":53}},"5":{"start":{"line":7,"column":16},"end":{"line":7,"column":54}},"6":{"start":{"line":10,"column":0},"end":{"line":30,"column":3}},"7":{"start":{"line":11,"column":23},"end":{"line":11,"column":31}},"8":{"start":{"line":12,"column":4},"end":{"line":29,"column":5}},"9":{"start":{"line":13,"column":8},"end":{"line":13,"column":44}},"10":{"start":{"line":16,"column":8},"end":{"line":28,"column":9}},"11":{"start":{"line":17,"column":34},"end":{"line":17,"column":79}},"12":{"start":{"line":18,"column":12},"end":{"line":18,"column":35}},"13":{"start":{"line":20,"column":12},"end":{"line":26,"column":13}},"14":{"start":{"line":22,"column":16},"end":{"line":22,"column":59}},"15":{"start":{"line":25,"column":16},"end":{"line":25,"column":28}},"16":{"start":{"line":27,"column":12},"end":{"line":27,"column":24}},"17":{"start":{"line":33,"column":0},"end":{"line":52,"column":3}},"18":{"start":{"line":34,"column":4},"end":{"line":51,"column":5}},"19":{"start":{"line":35,"column":8},"end":{"line":40,"column":9}},"20":{"start":{"line":36,"column":35},"end":{"line":36,"column":64}},"21":{"start":{"line":37,"column":12},"end":{"line":37,"column":56}},"22":{"start":{"line":39,"column":12},"end":{"line":39,"column":19}},"23":{"start":{"line":44,"column":8},"end":{"line":50,"column":9}},"24":{"start":{"line":45,"column":35},"end":{"line":45,"column":88}},"25":{"start":{"line":46,"column":12},"end":{"line":46,"column":60}},"26":{"start":{"line":47,"column":12},"end":{"line":47,"column":56}},"27":{"start":{"line":49,"column":12},"end":{"line":49,"column":19}},"28":{"start":{"line":54,"column":0},"end":{"line":63,"column":3}},"29":{"start":{"line":55,"column":22},"end":{"line":55,"column":35}},"30":{"start":{"line":56,"column":4},"end":{"line":56,"column":50}},"31":{"start":{"line":57,"column":26},"end":{"line":57,"column":69}},"32":{"start":{"line":58,"column":4},"end":{"line":62,"column":7}},"33":{"start":{"line":59,"column":8},"end":{"line":59,"column":32}},"34":{"start":{"line":61,"column":8},"end":{"line":61,"column":28}},"35":{"start":{"line":65,"column":0},"end":{"line":74,"column":3}},"36":{"start":{"line":66,"column":26},"end":{"line":66,"column":34}},"37":{"start":{"line":67,"column":16},"end":{"line":67,"column":29}},"38":{"start":{"line":68,"column":4},"end":{"line":73,"column":5}},"39":{"start":{"line":69,"column":34},"end":{"line":69,"column":83}},"40":{"start":{"line":70,"column":8},"end":{"line":70,"column":55}},"41":{"start":{"line":72,"column":8},"end":{"line":72,"column":15}},"42":{"start":{"line":76,"column":2},"end":{"line":76,"column":26}}},"fnMap":{"0":{"name":"(anonymous_0)","decl":{"start":{"line":10,"column":36},"end":{"line":10,"column":37}},"loc":{"start":{"line":10,"column":62},"end":{"line":30,"column":1}},"line":10},"1":{"name":"(anonymous_1)","decl":{"start":{"line":33,"column":16},"end":{"line":33,"column":17}},"loc":{"start":{"line":33,"column":42},"end":{"line":52,"column":1}},"line":33},"2":{"name":"(anonymous_2)","decl":{"start":{"line":54,"column":19},"end":{"line":54,"column":20}},"loc":{"start":{"line":54,"column":45},"end":{"line":63,"column":1}},"line":54},"3":{"name":"(anonymous_3)","decl":{"start":{"line":65,"column":38},"end":{"line":65,"column":39}},"loc":{"start":{"line":65,"column":64},"end":{"line":74,"column":1}},"line":65}},"branchMap":{"0":{"loc":{"start":{"line":12,"column":4},"end":{"line":29,"column":5}},"type":"if","locations":[{"start":{"line":12,"column":4},"end":{"line":29,"column":5}},{"start":{"line":15,"column":8},"end":{"line":29,"column":5}}],"line":12},"1":{"loc":{"start":{"line":12,"column":9},"end":{"line":12,"column":97}},"type":"binary-expr","locations":[{"start":{"line":12,"column":9},"end":{"line":12,"column":20}},{"start":{"line":12,"column":23},"end":{"line":12,"column":58}},{"start":{"line":12,"column":61},"end":{"line":12,"column":77}},{"start":{"line":12,"column":81},"end":{"line":12,"column":97}}],"line":12},"2":{"loc":{"start":{"line":20,"column":12},"end":{"line":26,"column":13}},"type":"if","locations":[{"start":{"line":20,"column":12},"end":{"line":26,"column":13}},{"start":{"line":23,"column":19},"end":{"line":26,"column":13}}],"line":20},"3":{"loc":{"start":{"line":34,"column":4},"end":{"line":51,"column":5}},"type":"if","locations":[{"start":{"line":34,"column":4},"end":{"line":51,"column":5}},{"start":{"line":42,"column":9},"end":{"line":51,"column":5}}],"line":34},"4":{"loc":{"start":{"line":58,"column":4},"end":{"line":62,"column":7}},"type":"if","locations":[{"start":{"line":58,"column":4},"end":{"line":62,"column":7}},{"start":{"line":60,"column":13},"end":{"line":62,"column":7}}],"line":58}},"s":{"0":5,"1":5,"2":5,"3":5,"4":5,"5":5,"6":5,"7":5,"8":5,"9":2,"10":3,"11":3,"12":3,"13":0,"14":0,"15":0,"16":0,"17":5,"18":3,"19":1,"20":1,"21":1,"22":0,"23":2,"24":2,"25":2,"26":2,"27":0,"28":5,"29":6,"30":6,"31":6,"32":6,"33":5,"34":1,"35":5,"36":1,"37":1,"38":1,"39":1,"40":1,"41":0,"42":5},"f":{"0":5,"1":3,"2":6,"3":1},"b":{"0":[2,3],"1":[5,5,4,3],"2":[0,0],"3":[1,2],"4":[5,1]},"_coverageSchema":"1a1c01bbd47fc00a2c39e90264f33305004495a9","hash":"8b24eab69c59c37f390b6bfb0e4a326f6947782b"}
,"/Users/reetikachauhan/Documents/UW_programs/nodejs/Project Proposal/routes/auth.js": {"path":"/Users/reetikachauhan/Documents/UW_programs/nodejs/Project Proposal/routes/auth.js","statementMap":{"0":{"start":{"line":1,"column":19},"end":{"line":1,"column":37}},"1":{"start":{"line":2,"column":15},"end":{"line":2,"column":23}},"2":{"start":{"line":4,"column":17},"end":{"line":4,"column":41}},"3":{"start":{"line":5,"column":16},"end":{"line":5,"column":39}},"4":{"start":{"line":6,"column":19},"end":{"line":6,"column":53}},"5":{"start":{"line":8,"column":15},"end":{"line":8,"column":32}},"6":{"start":{"line":62,"column":0},"end":{"line":91,"column":3}},"7":{"start":{"line":63,"column":20},"end":{"line":63,"column":28}},"8":{"start":{"line":64,"column":4},"end":{"line":90,"column":5}},"9":{"start":{"line":65,"column":8},"end":{"line":65,"column":63}},"10":{"start":{"line":67,"column":8},"end":{"line":89,"column":9}},"11":{"start":{"line":68,"column":31},"end":{"line":68,"column":67}},"12":{"start":{"line":69,"column":12},"end":{"line":79,"column":13}},"13":{"start":{"line":70,"column":16},"end":{"line":70,"column":55}},"14":{"start":{"line":72,"column":38},"end":{"line":72,"column":97}},"15":{"start":{"line":73,"column":16},"end":{"line":78,"column":17}},"16":{"start":{"line":74,"column":20},"end":{"line":74,"column":68}},"17":{"start":{"line":76,"column":40},"end":{"line":76,"column":89}},"18":{"start":{"line":77,"column":20},"end":{"line":77,"column":72}},"19":{"start":{"line":81,"column":12},"end":{"line":87,"column":13}},"20":{"start":{"line":83,"column":16},"end":{"line":83,"column":59}},"21":{"start":{"line":86,"column":16},"end":{"line":86,"column":28}},"22":{"start":{"line":88,"column":12},"end":{"line":88,"column":24}},"23":{"start":{"line":95,"column":0},"end":{"line":114,"column":3}},"24":{"start":{"line":96,"column":20},"end":{"line":96,"column":28}},"25":{"start":{"line":97,"column":2},"end":{"line":99,"column":3}},"26":{"start":{"line":98,"column":4},"end":{"line":98,"column":66}},"27":{"start":{"line":100,"column":4},"end":{"line":113,"column":5}},"28":{"start":{"line":101,"column":26},"end":{"line":101,"column":55}},"29":{"start":{"line":102,"column":8},"end":{"line":102,"column":50}},"30":{"start":{"line":103,"column":8},"end":{"line":103,"column":47}},"31":{"start":{"line":106,"column":8},"end":{"line":112,"column":9}},"32":{"start":{"line":108,"column":12},"end":{"line":108,"column":55}},"33":{"start":{"line":111,"column":12},"end":{"line":111,"column":24}},"34":{"start":{"line":118,"column":0},"end":{"line":131,"column":3}},"35":{"start":{"line":119,"column":25},"end":{"line":119,"column":33}},"36":{"start":{"line":120,"column":4},"end":{"line":122,"column":5}},"37":{"start":{"line":121,"column":8},"end":{"line":121,"column":60}},"38":{"start":{"line":123,"column":19},"end":{"line":123,"column":31}},"39":{"start":{"line":124,"column":4},"end":{"line":129,"column":5}},"40":{"start":{"line":125,"column":32},"end":{"line":125,"column":94}},"41":{"start":{"line":126,"column":8},"end":{"line":126,"column":53}},"42":{"start":{"line":128,"column":8},"end":{"line":128,"column":15}},"43":{"start":{"line":134,"column":2},"end":{"line":134,"column":26}}},"fnMap":{"0":{"name":"(anonymous_0)","decl":{"start":{"line":62,"column":22},"end":{"line":62,"column":23}},"loc":{"start":{"line":62,"column":48},"end":{"line":91,"column":1}},"line":62},"1":{"name":"(anonymous_1)","decl":{"start":{"line":95,"column":23},"end":{"line":95,"column":24}},"loc":{"start":{"line":95,"column":49},"end":{"line":114,"column":1}},"line":95},"2":{"name":"(anonymous_2)","decl":{"start":{"line":118,"column":35},"end":{"line":118,"column":36}},"loc":{"start":{"line":118,"column":61},"end":{"line":131,"column":1}},"line":118}},"branchMap":{"0":{"loc":{"start":{"line":64,"column":4},"end":{"line":90,"column":5}},"type":"if","locations":[{"start":{"line":64,"column":4},"end":{"line":90,"column":5}},{"start":{"line":66,"column":11},"end":{"line":90,"column":5}}],"line":64},"1":{"loc":{"start":{"line":64,"column":8},"end":{"line":64,"column":79}},"type":"binary-expr","locations":[{"start":{"line":64,"column":8},"end":{"line":64,"column":22}},{"start":{"line":64,"column":26},"end":{"line":64,"column":43}},{"start":{"line":64,"column":47},"end":{"line":64,"column":79}}],"line":64},"2":{"loc":{"start":{"line":69,"column":12},"end":{"line":79,"column":13}},"type":"if","locations":[{"start":{"line":69,"column":12},"end":{"line":79,"column":13}},{"start":{"line":71,"column":19},"end":{"line":79,"column":13}}],"line":69},"3":{"loc":{"start":{"line":73,"column":16},"end":{"line":78,"column":17}},"type":"if","locations":[{"start":{"line":73,"column":16},"end":{"line":78,"column":17}},{"start":{"line":75,"column":23},"end":{"line":78,"column":17}}],"line":73},"4":{"loc":{"start":{"line":81,"column":12},"end":{"line":87,"column":13}},"type":"if","locations":[{"start":{"line":81,"column":12},"end":{"line":87,"column":13}},{"start":{"line":84,"column":19},"end":{"line":87,"column":13}}],"line":81},"5":{"loc":{"start":{"line":97,"column":2},"end":{"line":99,"column":3}},"type":"if","locations":[{"start":{"line":97,"column":2},"end":{"line":99,"column":3}},{"start":{},"end":{}}],"line":97},"6":{"loc":{"start":{"line":97,"column":6},"end":{"line":97,"column":77}},"type":"binary-expr","locations":[{"start":{"line":97,"column":6},"end":{"line":97,"column":20}},{"start":{"line":97,"column":24},"end":{"line":97,"column":41}},{"start":{"line":97,"column":45},"end":{"line":97,"column":77}}],"line":97},"7":{"loc":{"start":{"line":106,"column":8},"end":{"line":112,"column":9}},"type":"if","locations":[{"start":{"line":106,"column":8},"end":{"line":112,"column":9}},{"start":{"line":109,"column":15},"end":{"line":112,"column":9}}],"line":106},"8":{"loc":{"start":{"line":120,"column":4},"end":{"line":122,"column":5}},"type":"if","locations":[{"start":{"line":120,"column":4},"end":{"line":122,"column":5}},{"start":{},"end":{}}],"line":120}},"s":{"0":5,"1":5,"2":5,"3":5,"4":5,"5":5,"6":5,"7":77,"8":77,"9":2,"10":75,"11":75,"12":75,"13":1,"14":74,"15":74,"16":4,"17":70,"18":70,"19":0,"20":0,"21":0,"22":0,"23":5,"24":86,"25":86,"26":2,"27":84,"28":84,"29":83,"30":83,"31":1,"32":1,"33":0,"34":5,"35":3,"36":3,"37":1,"38":2,"39":2,"40":2,"41":2,"42":0,"43":5},"f":{"0":77,"1":86,"2":3},"b":{"0":[2,75],"1":[77,77,75],"2":[1,74],"3":[4,70],"4":[0,0],"5":[2,84],"6":[86,86,84],"7":[1,0],"8":[1,2]},"_coverageSchema":"1a1c01bbd47fc00a2c39e90264f33305004495a9","hash":"1b373da940397d234017f5b0a80321990de130f8"}
,"/Users/reetikachauhan/Documents/UW_programs/nodejs/Project Proposal/routes/booking.js": {"path":"/Users/reetikachauhan/Documents/UW_programs/nodejs/Project Proposal/routes/booking.js","statementMap":{"0":{"start":{"line":1,"column":19},"end":{"line":1,"column":37}},"1":{"start":{"line":2,"column":15},"end":{"line":2,"column":23}},"2":{"start":{"line":4,"column":17},"end":{"line":4,"column":36}},"3":{"start":{"line":5,"column":17},"end":{"line":5,"column":41}},"4":{"start":{"line":6,"column":19},"end":{"line":6,"column":45}},"5":{"start":{"line":7,"column":18},"end":{"line":7,"column":44}},"6":{"start":{"line":8,"column":19},"end":{"line":8,"column":53}},"7":{"start":{"line":9,"column":16},"end":{"line":9,"column":54}},"8":{"start":{"line":12,"column":0},"end":{"line":50,"column":3}},"9":{"start":{"line":13,"column":23},"end":{"line":13,"column":31}},"10":{"start":{"line":15,"column":4},"end":{"line":49,"column":5}},"11":{"start":{"line":16,"column":8},"end":{"line":16,"column":44}},"12":{"start":{"line":18,"column":8},"end":{"line":48,"column":9}},"13":{"start":{"line":19,"column":38},"end":{"line":19,"column":88}},"14":{"start":{"line":20,"column":12},"end":{"line":20,"column":55}},"15":{"start":{"line":21,"column":12},"end":{"line":23,"column":13}},"16":{"start":{"line":22,"column":16},"end":{"line":22,"column":87}},"17":{"start":{"line":24,"column":12},"end":{"line":24,"column":50}},"18":{"start":{"line":25,"column":31},"end":{"line":25,"column":60}},"19":{"start":{"line":26,"column":12},"end":{"line":38,"column":13}},"20":{"start":{"line":26,"column":24},"end":{"line":26,"column":25}},"21":{"start":{"line":27,"column":16},"end":{"line":27,"column":58}},"22":{"start":{"line":28,"column":16},"end":{"line":37,"column":17}},"23":{"start":{"line":29,"column":20},"end":{"line":29,"column":58}},"24":{"start":{"line":30,"column":42},"end":{"line":30,"column":107}},"25":{"start":{"line":31,"column":42},"end":{"line":31,"column":109}},"26":{"start":{"line":32,"column":20},"end":{"line":35,"column":21}},"27":{"start":{"line":33,"column":24},"end":{"line":33,"column":59}},"28":{"start":{"line":34,"column":24},"end":{"line":34,"column":67}},"29":{"start":{"line":40,"column":12},"end":{"line":46,"column":13}},"30":{"start":{"line":42,"column":16},"end":{"line":42,"column":59}},"31":{"start":{"line":45,"column":16},"end":{"line":45,"column":28}},"32":{"start":{"line":47,"column":12},"end":{"line":47,"column":24}},"33":{"start":{"line":52,"column":0},"end":{"line":67,"column":3}},"34":{"start":{"line":55,"column":4},"end":{"line":55,"column":50}},"35":{"start":{"line":56,"column":4},"end":{"line":66,"column":9}},"36":{"start":{"line":57,"column":12},"end":{"line":62,"column":13}},"37":{"start":{"line":58,"column":16},"end":{"line":58,"column":62}},"38":{"start":{"line":60,"column":16},"end":{"line":60,"column":38}},"39":{"start":{"line":61,"column":16},"end":{"line":61,"column":70}},"40":{"start":{"line":63,"column":12},"end":{"line":63,"column":43}},"41":{"start":{"line":65,"column":12},"end":{"line":65,"column":69}},"42":{"start":{"line":69,"column":0},"end":{"line":95,"column":3}},"43":{"start":{"line":70,"column":22},"end":{"line":70,"column":35}},"44":{"start":{"line":73,"column":4},"end":{"line":94,"column":5}},"45":{"start":{"line":74,"column":8},"end":{"line":79,"column":13}},"46":{"start":{"line":75,"column":16},"end":{"line":75,"column":78}},"47":{"start":{"line":77,"column":16},"end":{"line":77,"column":39}},"48":{"start":{"line":78,"column":16},"end":{"line":78,"column":86}},"49":{"start":{"line":80,"column":8},"end":{"line":84,"column":9}},"50":{"start":{"line":81,"column":12},"end":{"line":81,"column":43}},"51":{"start":{"line":83,"column":12},"end":{"line":83,"column":78}},"52":{"start":{"line":86,"column":8},"end":{"line":93,"column":9}},"53":{"start":{"line":88,"column":12},"end":{"line":88,"column":55}},"54":{"start":{"line":91,"column":12},"end":{"line":91,"column":44}},"55":{"start":{"line":92,"column":12},"end":{"line":92,"column":24}},"56":{"start":{"line":97,"column":0},"end":{"line":128,"column":3}},"57":{"start":{"line":98,"column":4},"end":{"line":98,"column":44}},"58":{"start":{"line":99,"column":22},"end":{"line":99,"column":35}},"59":{"start":{"line":100,"column":4},"end":{"line":100,"column":56}},"60":{"start":{"line":101,"column":4},"end":{"line":103,"column":7}},"61":{"start":{"line":102,"column":8},"end":{"line":102,"column":70}},"62":{"start":{"line":105,"column":4},"end":{"line":127,"column":5}},"63":{"start":{"line":106,"column":33},"end":{"line":106,"column":89}},"64":{"start":{"line":107,"column":12},"end":{"line":107,"column":69}},"65":{"start":{"line":108,"column":12},"end":{"line":116,"column":13}},"66":{"start":{"line":109,"column":16},"end":{"line":109,"column":73}},"67":{"start":{"line":111,"column":17},"end":{"line":116,"column":13}},"68":{"start":{"line":112,"column":16},"end":{"line":112,"column":51}},"69":{"start":{"line":115,"column":16},"end":{"line":115,"column":60}},"70":{"start":{"line":119,"column":8},"end":{"line":126,"column":9}},"71":{"start":{"line":121,"column":12},"end":{"line":121,"column":55}},"72":{"start":{"line":124,"column":12},"end":{"line":124,"column":44}},"73":{"start":{"line":125,"column":12},"end":{"line":125,"column":24}},"74":{"start":{"line":130,"column":0},"end":{"line":130,"column":24}}},"fnMap":{"0":{"name":"(anonymous_0)","decl":{"start":{"line":12,"column":28},"end":{"line":12,"column":29}},"loc":{"start":{"line":12,"column":54},"end":{"line":50,"column":1}},"line":12},"1":{"name":"(anonymous_1)","decl":{"start":{"line":52,"column":27},"end":{"line":52,"column":28}},"loc":{"start":{"line":52,"column":53},"end":{"line":67,"column":1}},"line":52},"2":{"name":"(anonymous_2)","decl":{"start":{"line":69,"column":30},"end":{"line":69,"column":31}},"loc":{"start":{"line":69,"column":56},"end":{"line":95,"column":1}},"line":69},"3":{"name":"(anonymous_3)","decl":{"start":{"line":97,"column":37},"end":{"line":97,"column":38}},"loc":{"start":{"line":97,"column":63},"end":{"line":128,"column":1}},"line":97}},"branchMap":{"0":{"loc":{"start":{"line":15,"column":4},"end":{"line":49,"column":5}},"type":"if","locations":[{"start":{"line":15,"column":4},"end":{"line":49,"column":5}},{"start":{"line":17,"column":11},"end":{"line":49,"column":5}}],"line":15},"1":{"loc":{"start":{"line":21,"column":12},"end":{"line":23,"column":13}},"type":"if","locations":[{"start":{"line":21,"column":12},"end":{"line":23,"column":13}},{"start":{},"end":{}}],"line":21},"2":{"loc":{"start":{"line":21,"column":16},"end":{"line":21,"column":68}},"type":"binary-expr","locations":[{"start":{"line":21,"column":16},"end":{"line":21,"column":34}},{"start":{"line":21,"column":38},"end":{"line":21,"column":68}}],"line":21},"3":{"loc":{"start":{"line":28,"column":16},"end":{"line":37,"column":17}},"type":"if","locations":[{"start":{"line":28,"column":16},"end":{"line":37,"column":17}},{"start":{},"end":{}}],"line":28},"4":{"loc":{"start":{"line":32,"column":20},"end":{"line":35,"column":21}},"type":"if","locations":[{"start":{"line":32,"column":20},"end":{"line":35,"column":21}},{"start":{},"end":{}}],"line":32},"5":{"loc":{"start":{"line":32,"column":23},"end":{"line":32,"column":53}},"type":"binary-expr","locations":[{"start":{"line":32,"column":23},"end":{"line":32,"column":36}},{"start":{"line":32,"column":40},"end":{"line":32,"column":53}}],"line":32},"6":{"loc":{"start":{"line":40,"column":12},"end":{"line":46,"column":13}},"type":"if","locations":[{"start":{"line":40,"column":12},"end":{"line":46,"column":13}},{"start":{"line":43,"column":19},"end":{"line":46,"column":13}}],"line":40},"7":{"loc":{"start":{"line":57,"column":12},"end":{"line":62,"column":13}},"type":"if","locations":[{"start":{"line":57,"column":12},"end":{"line":62,"column":13}},{"start":{"line":59,"column":19},"end":{"line":62,"column":13}}],"line":57},"8":{"loc":{"start":{"line":74,"column":8},"end":{"line":79,"column":13}},"type":"if","locations":[{"start":{"line":74,"column":8},"end":{"line":79,"column":13}},{"start":{"line":76,"column":19},"end":{"line":79,"column":13}}],"line":74},"9":{"loc":{"start":{"line":80,"column":8},"end":{"line":84,"column":9}},"type":"if","locations":[{"start":{"line":80,"column":8},"end":{"line":84,"column":9}},{"start":{"line":82,"column":12},"end":{"line":84,"column":9}}],"line":80},"10":{"loc":{"start":{"line":86,"column":8},"end":{"line":93,"column":9}},"type":"if","locations":[{"start":{"line":86,"column":8},"end":{"line":93,"column":9}},{"start":{"line":89,"column":15},"end":{"line":93,"column":9}}],"line":86},"11":{"loc":{"start":{"line":101,"column":4},"end":{"line":103,"column":7}},"type":"if","locations":[{"start":{"line":101,"column":4},"end":{"line":103,"column":7}},{"start":{},"end":{}}],"line":101},"12":{"loc":{"start":{"line":108,"column":12},"end":{"line":116,"column":13}},"type":"if","locations":[{"start":{"line":108,"column":12},"end":{"line":116,"column":13}},{"start":{"line":111,"column":17},"end":{"line":116,"column":13}}],"line":108},"13":{"loc":{"start":{"line":108,"column":16},"end":{"line":108,"column":57}},"type":"binary-expr","locations":[{"start":{"line":108,"column":16},"end":{"line":108,"column":28}},{"start":{"line":108,"column":32},"end":{"line":108,"column":57}}],"line":108},"14":{"loc":{"start":{"line":111,"column":17},"end":{"line":116,"column":13}},"type":"if","locations":[{"start":{"line":111,"column":17},"end":{"line":116,"column":13}},{"start":{"line":114,"column":16},"end":{"line":116,"column":13}}],"line":111},"15":{"loc":{"start":{"line":119,"column":8},"end":{"line":126,"column":9}},"type":"if","locations":[{"start":{"line":119,"column":8},"end":{"line":126,"column":9}},{"start":{"line":122,"column":15},"end":{"line":126,"column":9}}],"line":119}},"s":{"0":5,"1":5,"2":5,"3":5,"4":5,"5":5,"6":5,"7":5,"8":5,"9":20,"10":20,"11":0,"12":20,"13":20,"14":20,"15":20,"16":1,"17":19,"18":19,"19":19,"20":19,"21":57,"22":57,"23":19,"24":19,"25":19,"26":19,"27":19,"28":19,"29":0,"30":0,"31":0,"32":0,"33":5,"34":2,"35":2,"36":2,"37":1,"38":1,"39":1,"40":2,"41":0,"42":5,"43":4,"44":4,"45":4,"46":2,"47":2,"48":2,"49":4,"50":3,"51":1,"52":0,"53":0,"54":0,"55":0,"56":5,"57":3,"58":3,"59":3,"60":3,"61":1,"62":2,"63":2,"64":2,"65":2,"66":1,"67":1,"68":1,"69":0,"70":0,"71":0,"72":0,"73":0,"74":5},"f":{"0":20,"1":2,"2":4,"3":3},"b":{"0":[0,20],"1":[1,19],"2":[20,20],"3":[19,38],"4":[19,0],"5":[19,19],"6":[0,0],"7":[1,1],"8":[2,2],"9":[3,1],"10":[0,0],"11":[1,2],"12":[1,1],"13":[2,2],"14":[1,0],"15":[0,0]},"_coverageSchema":"1a1c01bbd47fc00a2c39e90264f33305004495a9","hash":"2727185d90cc9367b8915865a25e32045a0f57c1"}
,"/Users/reetikachauhan/Documents/UW_programs/nodejs/Project Proposal/routes/flights.js": {"path":"/Users/reetikachauhan/Documents/UW_programs/nodejs/Project Proposal/routes/flights.js","statementMap":{"0":{"start":{"line":1,"column":19},"end":{"line":1,"column":37}},"1":{"start":{"line":2,"column":15},"end":{"line":2,"column":23}},"2":{"start":{"line":4,"column":17},"end":{"line":4,"column":41}},"3":{"start":{"line":5,"column":18},"end":{"line":5,"column":44}},"4":{"start":{"line":6,"column":19},"end":{"line":6,"column":46}},"5":{"start":{"line":7,"column":19},"end":{"line":7,"column":53}},"6":{"start":{"line":8,"column":16},"end":{"line":8,"column":54}},"7":{"start":{"line":11,"column":0},"end":{"line":30,"column":3}},"8":{"start":{"line":12,"column":22},"end":{"line":12,"column":30}},"9":{"start":{"line":13,"column":4},"end":{"line":29,"column":5}},"10":{"start":{"line":14,"column":8},"end":{"line":14,"column":44}},"11":{"start":{"line":16,"column":8},"end":{"line":28,"column":9}},"12":{"start":{"line":17,"column":33},"end":{"line":17,"column":75}},"13":{"start":{"line":18,"column":12},"end":{"line":18,"column":34}},"14":{"start":{"line":20,"column":12},"end":{"line":26,"column":13}},"15":{"start":{"line":22,"column":16},"end":{"line":22,"column":59}},"16":{"start":{"line":25,"column":16},"end":{"line":25,"column":28}},"17":{"start":{"line":27,"column":12},"end":{"line":27,"column":24}},"18":{"start":{"line":33,"column":0},"end":{"line":46,"column":3}},"19":{"start":{"line":34,"column":43},"end":{"line":34,"column":52}},"20":{"start":{"line":35,"column":8},"end":{"line":45,"column":9}},"21":{"start":{"line":36,"column":40},"end":{"line":36,"column":89}},"22":{"start":{"line":37,"column":40},"end":{"line":37,"column":87}},"23":{"start":{"line":37,"column":75},"end":{"line":37,"column":86}},"24":{"start":{"line":38,"column":38},"end":{"line":38,"column":86}},"25":{"start":{"line":39,"column":39},"end":{"line":39,"column":84}},"26":{"start":{"line":39,"column":72},"end":{"line":39,"column":83}},"27":{"start":{"line":41,"column":34},"end":{"line":41,"column":114}},"28":{"start":{"line":42,"column":12},"end":{"line":42,"column":55}},"29":{"start":{"line":44,"column":12},"end":{"line":44,"column":19}},"30":{"start":{"line":47,"column":0},"end":{"line":55,"column":3}},"31":{"start":{"line":48,"column":8},"end":{"line":53,"column":9}},"32":{"start":{"line":49,"column":34},"end":{"line":49,"column":62}},"33":{"start":{"line":50,"column":12},"end":{"line":50,"column":55}},"34":{"start":{"line":52,"column":12},"end":{"line":52,"column":19}},"35":{"start":{"line":58,"column":0},"end":{"line":66,"column":3}},"36":{"start":{"line":59,"column":21},"end":{"line":59,"column":34}},"37":{"start":{"line":60,"column":25},"end":{"line":60,"column":66}},"38":{"start":{"line":61,"column":4},"end":{"line":65,"column":7}},"39":{"start":{"line":62,"column":8},"end":{"line":62,"column":31}},"40":{"start":{"line":64,"column":8},"end":{"line":64,"column":28}},"41":{"start":{"line":68,"column":2},"end":{"line":68,"column":26}}},"fnMap":{"0":{"name":"(anonymous_0)","decl":{"start":{"line":11,"column":36},"end":{"line":11,"column":37}},"loc":{"start":{"line":11,"column":62},"end":{"line":30,"column":1}},"line":11},"1":{"name":"(anonymous_1)","decl":{"start":{"line":33,"column":22},"end":{"line":33,"column":23}},"loc":{"start":{"line":33,"column":48},"end":{"line":46,"column":1}},"line":33},"2":{"name":"(anonymous_2)","decl":{"start":{"line":37,"column":64},"end":{"line":37,"column":65}},"loc":{"start":{"line":37,"column":75},"end":{"line":37,"column":86}},"line":37},"3":{"name":"(anonymous_3)","decl":{"start":{"line":39,"column":61},"end":{"line":39,"column":62}},"loc":{"start":{"line":39,"column":72},"end":{"line":39,"column":83}},"line":39},"4":{"name":"(anonymous_4)","decl":{"start":{"line":47,"column":15},"end":{"line":47,"column":16}},"loc":{"start":{"line":47,"column":41},"end":{"line":55,"column":1}},"line":47},"5":{"name":"(anonymous_5)","decl":{"start":{"line":58,"column":19},"end":{"line":58,"column":20}},"loc":{"start":{"line":58,"column":45},"end":{"line":66,"column":1}},"line":58}},"branchMap":{"0":{"loc":{"start":{"line":13,"column":4},"end":{"line":29,"column":5}},"type":"if","locations":[{"start":{"line":13,"column":4},"end":{"line":29,"column":5}},{"start":{"line":15,"column":11},"end":{"line":29,"column":5}}],"line":13},"1":{"loc":{"start":{"line":20,"column":12},"end":{"line":26,"column":13}},"type":"if","locations":[{"start":{"line":20,"column":12},"end":{"line":26,"column":13}},{"start":{"line":23,"column":19},"end":{"line":26,"column":13}}],"line":20},"2":{"loc":{"start":{"line":61,"column":4},"end":{"line":65,"column":7}},"type":"if","locations":[{"start":{"line":61,"column":4},"end":{"line":65,"column":7}},{"start":{"line":63,"column":13},"end":{"line":65,"column":7}}],"line":61}},"s":{"0":5,"1":5,"2":5,"3":5,"4":5,"5":5,"6":5,"7":5,"8":2,"9":2,"10":1,"11":1,"12":1,"13":1,"14":0,"15":0,"16":0,"17":0,"18":5,"19":0,"20":0,"21":0,"22":0,"23":0,"24":0,"25":0,"26":0,"27":0,"28":0,"29":0,"30":5,"31":2,"32":2,"33":2,"34":0,"35":5,"36":3,"37":3,"38":3,"39":2,"40":1,"41":5},"f":{"0":2,"1":0,"2":0,"3":0,"4":2,"5":3},"b":{"0":[1,1],"1":[0,0],"2":[2,1]},"_coverageSchema":"1a1c01bbd47fc00a2c39e90264f33305004495a9","hash":"242e39c4bf684d83ec12a9b033dbd4a956a39246"}
,"/Users/reetikachauhan/Documents/UW_programs/nodejs/Project Proposal/routes/index.js": {"path":"/Users/reetikachauhan/Documents/UW_programs/nodejs/Project Proposal/routes/index.js","statementMap":{"0":{"start":{"line":1,"column":19},"end":{"line":1,"column":37}},"1":{"start":{"line":2,"column":15},"end":{"line":2,"column":23}},"2":{"start":{"line":5,"column":0},"end":{"line":5,"column":39}},"3":{"start":{"line":6,"column":0},"end":{"line":6,"column":47}},"4":{"start":{"line":7,"column":0},"end":{"line":7,"column":47}},"5":{"start":{"line":8,"column":0},"end":{"line":8,"column":45}},"6":{"start":{"line":9,"column":0},"end":{"line":9,"column":46}},"7":{"start":{"line":12,"column":0},"end":{"line":22,"column":3}},"8":{"start":{"line":13,"column":4},"end":{"line":13,"column":47}},"9":{"start":{"line":14,"column":4},"end":{"line":21,"column":5}},"10":{"start":{"line":15,"column":8},"end":{"line":15,"column":46}},"11":{"start":{"line":16,"column":8},"end":{"line":16,"column":71}},"12":{"start":{"line":17,"column":8},"end":{"line":17,"column":58}},"13":{"start":{"line":19,"column":8},"end":{"line":19,"column":24}},"14":{"start":{"line":20,"column":8},"end":{"line":20,"column":48}},"15":{"start":{"line":23,"column":0},"end":{"line":23,"column":24}}},"fnMap":{"0":{"name":"(anonymous_0)","decl":{"start":{"line":12,"column":11},"end":{"line":12,"column":12}},"loc":{"start":{"line":12,"column":33},"end":{"line":22,"column":1}},"line":12}},"branchMap":{"0":{"loc":{"start":{"line":14,"column":4},"end":{"line":21,"column":5}},"type":"if","locations":[{"start":{"line":14,"column":4},"end":{"line":21,"column":5}},{"start":{"line":18,"column":10},"end":{"line":21,"column":5}}],"line":14}},"s":{"0":5,"1":5,"2":5,"3":5,"4":5,"5":5,"6":5,"7":5,"8":0,"9":0,"10":0,"11":0,"12":0,"13":0,"14":0,"15":5},"f":{"0":0},"b":{"0":[0,0]},"_coverageSchema":"1a1c01bbd47fc00a2c39e90264f33305004495a9","hash":"925e9354e006ac47015eb18dd173fe660075e3a7"}
}
