{"/Users/reetikachauhan/Documents/UW_programs/nodejs/Project Proposal/server.js": {"path":"/Users/reetikachauhan/Documents/UW_programs/nodejs/Project Proposal/server.js","statementMap":{"0":{"start":{"line":1,"column":16},"end":{"line":1,"column":34}},"1":{"start":{"line":3,"column":15},"end":{"line":3,"column":34}},"2":{"start":{"line":5,"column":15},"end":{"line":5,"column":24}},"3":{"start":{"line":7,"column":0},"end":{"line":7,"column":27}},"4":{"start":{"line":9,"column":0},"end":{"line":9,"column":19}},"5":{"start":{"line":11,"column":0},"end":{"line":11,"column":24}}},"fnMap":{},"branchMap":{},"s":{"0":5,"1":5,"2":5,"3":5,"4":5,"5":5},"f":{},"b":{},"_coverageSchema":"1a1c01bbd47fc00a2c39e90264f33305004495a9","hash":"2800cfa642dc3bfcdd82c55f22c1a32f4d6f2acb"}
,"/Users/reetikachauhan/Documents/UW_programs/nodejs/Project Proposal/test-utils.js": {"path":"/Users/reetikachauhan/Documents/UW_programs/nodejs/Project Proposal/test-utils.js","statementMap":{"0":{"start":{"line":1,"column":17},"end":{"line":1,"column":36}},"1":{"start":{"line":2,"column":15},"end":{"line":2,"column":156}},"2":{"start":{"line":4,"column":0},"end":{"line":4,"column":20}},"3":{"start":{"line":6,"column":0},"end":{"line":9,"column":1}},"4":{"start":{"line":7,"column":2},"end":{"line":7,"column":52}},"5":{"start":{"line":8,"column":2},"end":{"line":8,"column":54}},"6":{"start":{"line":8,"column":36},"end":{"line":8,"column":51}},"7":{"start":{"line":11,"column":0},"end":{"line":13,"column":1}},"8":{"start":{"line":12,"column":2},"end":{"line":12,"column":30}},"9":{"start":{"line":15,"column":0},"end":{"line":17,"column":1}},"10":{"start":{"line":16,"column":2},"end":{"line":16,"column":60}},"11":{"start":{"line":16,"column":40},"end":{"line":16,"column":58}},"12":{"start":{"line":19,"column":0},"end":{"line":25,"column":1}},"13":{"start":{"line":20,"column":17},"end":{"line":20,"column":50}},"14":{"start":{"line":21,"column":2},"end":{"line":23,"column":3}},"15":{"start":{"line":22,"column":4},"end":{"line":22,"column":39}},"16":{"start":{"line":24,"column":2},"end":{"line":24,"column":16}},"17":{"start":{"line":27,"column":0},"end":{"line":33,"column":1}},"18":{"start":{"line":28,"column":18},"end":{"line":28,"column":48}},"19":{"start":{"line":29,"column":2},"end":{"line":31,"column":5}},"20":{"start":{"line":30,"column":4},"end":{"line":30,"column":39}},"21":{"start":{"line":32,"column":2},"end":{"line":32,"column":17}}},"fnMap":{"0":{"name":"(anonymous_0)","decl":{"start":{"line":6,"column":27},"end":{"line":6,"column":28}},"loc":{"start":{"line":6,"column":39},"end":{"line":9,"column":1}},"line":6},"1":{"name":"(anonymous_1)","decl":{"start":{"line":8,"column":31},"end":{"line":8,"column":32}},"loc":{"start":{"line":8,"column":36},"end":{"line":8,"column":51}},"line":8},"2":{"name":"(anonymous_2)","decl":{"start":{"line":11,"column":24},"end":{"line":11,"column":25}},"loc":{"start":{"line":11,"column":36},"end":{"line":13,"column":1}},"line":11},"3":{"name":"(anonymous_3)","decl":{"start":{"line":15,"column":25},"end":{"line":15,"column":26}},"loc":{"start":{"line":15,"column":37},"end":{"line":17,"column":1}},"line":15},"4":{"name":"(anonymous_4)","decl":{"start":{"line":16,"column":31},"end":{"line":16,"column":32}},"loc":{"start":{"line":16,"column":40},"end":{"line":16,"column":58}},"line":16},"5":{"name":"(anonymous_5)","decl":{"start":{"line":19,"column":25},"end":{"line":19,"column":26}},"loc":{"start":{"line":19,"column":49},"end":{"line":25,"column":1}},"line":19},"6":{"name":"(anonymous_6)","decl":{"start":{"line":27,"column":22},"end":{"line":27,"column":23}},"loc":{"start":{"line":27,"column":46},"end":{"line":33,"column":1}},"line":27},"7":{"name":"(anonymous_7)","decl":{"start":{"line":29,"column":18},"end":{"line":29,"column":19}},"loc":{"start":{"line":29,"column":28},"end":{"line":31,"column":3}},"line":29}},"branchMap":{"0":{"loc":{"start":{"line":21,"column":2},"end":{"line":23,"column":3}},"type":"if","locations":[{"start":{"line":21,"column":2},"end":{"line":23,"column":3}},{"start":{},"end":{}}],"line":21}},"s":{"0":5,"1":5,"2":5,"3":5,"4":5,"5":5,"6":25,"7":5,"8":5,"9":5,"10":104,"11":520,"12":5,"13":0,"14":0,"15":0,"16":0,"17":5,"18":0,"19":0,"20":0,"21":0},"f":{"0":5,"1":25,"2":5,"3":104,"4":520,"5":0,"6":0,"7":0},"b":{"0":[0,0]},"_coverageSchema":"1a1c01bbd47fc00a2c39e90264f33305004495a9","hash":"b671e6c079684822873eb7c61f78bf1918dc457d"}
,"/Users/reetikachauhan/Documents/UW_programs/nodejs/Project Proposal/daos/airlines.js": {"path":"/Users/reetikachauhan/Documents/UW_programs/nodejs/Project Proposal/daos/airlines.js","statementMap":{"0":{"start":{"line":1,"column":17},"end":{"line":1,"column":46}},"1":{"start":{"line":2,"column":17},"end":{"line":2,"column":36}},"2":{"start":{"line":4,"column":0},"end":{"line":4,"column":20}},"3":{"start":{"line":8,"column":0},"end":{"line":11,"column":1}},"4":{"start":{"line":9,"column":20},"end":{"line":9,"column":48}},"5":{"start":{"line":10,"column":2},"end":{"line":10,"column":17}},"6":{"start":{"line":14,"column":0},"end":{"line":20,"column":1}},"7":{"start":{"line":15,"column":2},"end":{"line":17,"column":3}},"8":{"start":{"line":16,"column":4},"end":{"line":16,"column":16}},"9":{"start":{"line":18,"column":22},"end":{"line":18,"column":68}},"10":{"start":{"line":19,"column":4},"end":{"line":19,"column":19}},"11":{"start":{"line":22,"column":0},"end":{"line":32,"column":1}},"12":{"start":{"line":23,"column":2},"end":{"line":31,"column":1}},"13":{"start":{"line":24,"column":2},"end":{"line":26,"column":3}},"14":{"start":{"line":25,"column":4},"end":{"line":25,"column":17}},"15":{"start":{"line":27,"column":22},"end":{"line":27,"column":68}},"16":{"start":{"line":28,"column":2},"end":{"line":28,"column":19}},"17":{"start":{"line":30,"column":4},"end":{"line":30,"column":46}},"18":{"start":{"line":34,"column":0},"end":{"line":37,"column":1}},"19":{"start":{"line":35,"column":24},"end":{"line":35,"column":57}},"20":{"start":{"line":36,"column":4},"end":{"line":36,"column":21}},"21":{"start":{"line":38,"column":0},"end":{"line":44,"column":1}},"22":{"start":{"line":39,"column":2},"end":{"line":41,"column":3}},"23":{"start":{"line":40,"column":4},"end":{"line":40,"column":17}},"24":{"start":{"line":42,"column":2},"end":{"line":42,"column":41}},"25":{"start":{"line":43,"column":2},"end":{"line":43,"column":14}},"26":{"start":{"line":47,"column":0},"end":{"line":47,"column":43}}},"fnMap":{"0":{"name":"(anonymous_0)","decl":{"start":{"line":8,"column":29},"end":{"line":8,"column":30}},"loc":{"start":{"line":8,"column":40},"end":{"line":11,"column":1}},"line":8},"1":{"name":"(anonymous_1)","decl":{"start":{"line":14,"column":33},"end":{"line":14,"column":34}},"loc":{"start":{"line":14,"column":54},"end":{"line":20,"column":1}},"line":14},"2":{"name":"(anonymous_2)","decl":{"start":{"line":22,"column":32},"end":{"line":22,"column":33}},"loc":{"start":{"line":22,"column":57},"end":{"line":32,"column":1}},"line":22},"3":{"name":"(anonymous_3)","decl":{"start":{"line":34,"column":35},"end":{"line":34,"column":36}},"loc":{"start":{"line":34,"column":56},"end":{"line":37,"column":1}},"line":34},"4":{"name":"(anonymous_4)","decl":{"start":{"line":38,"column":28},"end":{"line":38,"column":29}},"loc":{"start":{"line":38,"column":43},"end":{"line":44,"column":1}},"line":38}},"branchMap":{"0":{"loc":{"start":{"line":15,"column":2},"end":{"line":17,"column":3}},"type":"if","locations":[{"start":{"line":15,"column":2},"end":{"line":17,"column":3}},{"start":{},"end":{}}],"line":15},"1":{"loc":{"start":{"line":24,"column":2},"end":{"line":26,"column":3}},"type":"if","locations":[{"start":{"line":24,"column":2},"end":{"line":26,"column":3}},{"start":{},"end":{}}],"line":24},"2":{"loc":{"start":{"line":39,"column":2},"end":{"line":41,"column":3}},"type":"if","locations":[{"start":{"line":39,"column":2},"end":{"line":41,"column":3}},{"start":{},"end":{}}],"line":39}},"s":{"0":5,"1":5,"2":5,"3":5,"4":1,"5":1,"6":5,"7":5,"8":1,"9":4,"10":4,"11":5,"12":1,"13":1,"14":0,"15":1,"16":1,"17":0,"18":5,"19":3,"20":3,"21":5,"22":2,"23":1,"24":1,"25":1,"26":5},"f":{"0":1,"1":5,"2":1,"3":3,"4":2},"b":{"0":[1,4],"1":[0,1],"2":[1,1]},"_coverageSchema":"1a1c01bbd47fc00a2c39e90264f33305004495a9","hash":"5900b555debc1c025802010bc565ff74c454ec5c"}
,"/Users/reetikachauhan/Documents/UW_programs/nodejs/Project Proposal/daos/airports.js": {"path":"/Users/reetikachauhan/Documents/UW_programs/nodejs/Project Proposal/daos/airports.js","statementMap":{"0":{"start":{"line":1,"column":16},"end":{"line":1,"column":45}},"1":{"start":{"line":2,"column":17},"end":{"line":2,"column":36}},"2":{"start":{"line":4,"column":0},"end":{"line":4,"column":20}},"3":{"start":{"line":8,"column":0},"end":{"line":11,"column":1}},"4":{"start":{"line":9,"column":20},"end":{"line":9,"column":47}},"5":{"start":{"line":10,"column":2},"end":{"line":10,"column":17}},"6":{"start":{"line":14,"column":0},"end":{"line":20,"column":1}},"7":{"start":{"line":15,"column":2},"end":{"line":17,"column":3}},"8":{"start":{"line":16,"column":4},"end":{"line":16,"column":16}},"9":{"start":{"line":18,"column":21},"end":{"line":18,"column":66}},"10":{"start":{"line":19,"column":4},"end":{"line":19,"column":18}},"11":{"start":{"line":21,"column":0},"end":{"line":26,"column":1}},"12":{"start":{"line":22,"column":2},"end":{"line":25,"column":45}},"13":{"start":{"line":27,"column":0},"end":{"line":33,"column":1}},"14":{"start":{"line":28,"column":2},"end":{"line":30,"column":3}},"15":{"start":{"line":29,"column":4},"end":{"line":29,"column":17}},"16":{"start":{"line":31,"column":22},"end":{"line":31,"column":67}},"17":{"start":{"line":32,"column":2},"end":{"line":32,"column":19}},"18":{"start":{"line":36,"column":0},"end":{"line":39,"column":1}},"19":{"start":{"line":37,"column":24},"end":{"line":37,"column":56}},"20":{"start":{"line":38,"column":4},"end":{"line":38,"column":21}},"21":{"start":{"line":41,"column":0},"end":{"line":47,"column":1}},"22":{"start":{"line":42,"column":2},"end":{"line":44,"column":3}},"23":{"start":{"line":43,"column":4},"end":{"line":43,"column":17}},"24":{"start":{"line":45,"column":2},"end":{"line":45,"column":40}},"25":{"start":{"line":46,"column":2},"end":{"line":46,"column":14}},"26":{"start":{"line":50,"column":0},"end":{"line":50,"column":43}}},"fnMap":{"0":{"name":"(anonymous_0)","decl":{"start":{"line":8,"column":28},"end":{"line":8,"column":29}},"loc":{"start":{"line":8,"column":39},"end":{"line":11,"column":1}},"line":8},"1":{"name":"(anonymous_1)","decl":{"start":{"line":14,"column":32},"end":{"line":14,"column":33}},"loc":{"start":{"line":14,"column":53},"end":{"line":20,"column":1}},"line":14},"2":{"name":"(anonymous_2)","decl":{"start":{"line":21,"column":34},"end":{"line":21,"column":35}},"loc":{"start":{"line":21,"column":54},"end":{"line":26,"column":1}},"line":21},"3":{"name":"(anonymous_3)","decl":{"start":{"line":27,"column":31},"end":{"line":27,"column":32}},"loc":{"start":{"line":27,"column":56},"end":{"line":33,"column":1}},"line":27},"4":{"name":"(anonymous_4)","decl":{"start":{"line":36,"column":34},"end":{"line":36,"column":35}},"loc":{"start":{"line":36,"column":55},"end":{"line":39,"column":1}},"line":36},"5":{"name":"(anonymous_5)","decl":{"start":{"line":41,"column":28},"end":{"line":41,"column":29}},"loc":{"start":{"line":41,"column":43},"end":{"line":47,"column":1}},"line":41}},"branchMap":{"0":{"loc":{"start":{"line":15,"column":2},"end":{"line":17,"column":3}},"type":"if","locations":[{"start":{"line":15,"column":2},"end":{"line":17,"column":3}},{"start":{},"end":{}}],"line":15},"1":{"loc":{"start":{"line":28,"column":2},"end":{"line":30,"column":3}},"type":"if","locations":[{"start":{"line":28,"column":2},"end":{"line":30,"column":3}},{"start":{},"end":{}}],"line":28},"2":{"loc":{"start":{"line":42,"column":2},"end":{"line":44,"column":3}},"type":"if","locations":[{"start":{"line":42,"column":2},"end":{"line":44,"column":3}},{"start":{},"end":{}}],"line":42}},"s":{"0":5,"1":5,"2":5,"3":5,"4":1,"5":1,"6":5,"7":6,"8":1,"9":5,"10":5,"11":5,"12":2,"13":5,"14":1,"15":0,"16":1,"17":1,"18":5,"19":3,"20":3,"21":5,"22":2,"23":1,"24":1,"25":1,"26":5},"f":{"0":1,"1":6,"2":2,"3":1,"4":3,"5":2},"b":{"0":[1,5],"1":[0,1],"2":[1,1]},"_coverageSchema":"1a1c01bbd47fc00a2c39e90264f33305004495a9","hash":"576b59ec37e03fafafd394709c5a801eae480a2c"}
,"/Users/reetikachauhan/Documents/UW_programs/nodejs/Project Proposal/daos/booking.js": {"path":"/Users/reetikachauhan/Documents/UW_programs/nodejs/Project Proposal/daos/booking.js","statementMap":{"0":{"start":{"line":1,"column":16},"end":{"line":1,"column":44}},"1":{"start":{"line":2,"column":17},"end":{"line":2,"column":36}},"2":{"start":{"line":3,"column":16},"end":{"line":3,"column":44}},"3":{"start":{"line":4,"column":0},"end":{"line":4,"column":20}},"4":{"start":{"line":8,"column":0},"end":{"line":11,"column":1}},"5":{"start":{"line":9,"column":27},"end":{"line":9,"column":144}},"6":{"start":{"line":10,"column":4},"end":{"line":10,"column":24}},"7":{"start":{"line":13,"column":0},"end":{"line":23,"column":1}},"8":{"start":{"line":15,"column":4},"end":{"line":20,"column":5}},"9":{"start":{"line":16,"column":9},"end":{"line":16,"column":71}},"10":{"start":{"line":19,"column":9},"end":{"line":19,"column":54}},"11":{"start":{"line":22,"column":4},"end":{"line":22,"column":23}},"12":{"start":{"line":24,"column":0},"end":{"line":34,"column":1}},"13":{"start":{"line":26,"column":4},"end":{"line":31,"column":5}},"14":{"start":{"line":27,"column":9},"end":{"line":27,"column":81}},"15":{"start":{"line":30,"column":9},"end":{"line":30,"column":63}},"16":{"start":{"line":33,"column":4},"end":{"line":33,"column":23}},"17":{"start":{"line":36,"column":0},"end":{"line":52,"column":1}},"18":{"start":{"line":37,"column":4},"end":{"line":50,"column":5}},"19":{"start":{"line":38,"column":27},"end":{"line":45,"column":17}},"20":{"start":{"line":47,"column":8},"end":{"line":47,"column":26}},"21":{"start":{"line":49,"column":8},"end":{"line":49,"column":17}},"22":{"start":{"line":54,"column":0},"end":{"line":154,"column":2}},"23":{"start":{"line":55,"column":4},"end":{"line":57,"column":5}},"24":{"start":{"line":56,"column":8},"end":{"line":56,"column":20}},"25":{"start":{"line":58,"column":20},"end":{"line":58,"column":55}},"26":{"start":{"line":59,"column":23},"end":{"line":59,"column":61}},"27":{"start":{"line":60,"column":4},"end":{"line":153,"column":9}},"28":{"start":{"line":61,"column":23},"end":{"line":147,"column":6}},"29":{"start":{"line":148,"column":4},"end":{"line":148,"column":18}},"30":{"start":{"line":152,"column":8},"end":{"line":152,"column":19}},"31":{"start":{"line":161,"column":0},"end":{"line":161,"column":43}}},"fnMap":{"0":{"name":"(anonymous_0)","decl":{"start":{"line":8,"column":28},"end":{"line":8,"column":29}},"loc":{"start":{"line":8,"column":69},"end":{"line":11,"column":1}},"line":8},"1":{"name":"(anonymous_1)","decl":{"start":{"line":13,"column":29},"end":{"line":13,"column":30}},"loc":{"start":{"line":13,"column":44},"end":{"line":23,"column":1}},"line":13},"2":{"name":"(anonymous_2)","decl":{"start":{"line":24,"column":35},"end":{"line":24,"column":36}},"loc":{"start":{"line":24,"column":53},"end":{"line":34,"column":1}},"line":24},"3":{"name":"(anonymous_3)","decl":{"start":{"line":36,"column":29},"end":{"line":36,"column":30}},"loc":{"start":{"line":36,"column":43},"end":{"line":52,"column":1}},"line":36},"4":{"name":"(anonymous_4)","decl":{"start":{"line":54,"column":33},"end":{"line":54,"column":34}},"loc":{"start":{"line":54,"column":62},"end":{"line":154,"column":1}},"line":54}},"branchMap":{"0":{"loc":{"start":{"line":15,"column":4},"end":{"line":20,"column":5}},"type":"if","locations":[{"start":{"line":15,"column":4},"end":{"line":20,"column":5}},{"start":{"line":18,"column":8},"end":{"line":20,"column":5}}],"line":15},"1":{"loc":{"start":{"line":26,"column":4},"end":{"line":31,"column":5}},"type":"if","locations":[{"start":{"line":26,"column":4},"end":{"line":31,"column":5}},{"start":{"line":29,"column":8},"end":{"line":31,"column":5}}],"line":26},"2":{"loc":{"start":{"line":55,"column":4},"end":{"line":57,"column":5}},"type":"if","locations":[{"start":{"line":55,"column":4},"end":{"line":57,"column":5}},{"start":{},"end":{}}],"line":55}},"s":{"0":5,"1":5,"2":5,"3":5,"4":5,"5":19,"6":19,"7":5,"8":2,"9":1,"10":1,"11":2,"12":5,"13":4,"14":2,"15":2,"16":4,"17":5,"18":20,"19":20,"20":20,"21":0,"22":5,"23":2,"24":0,"25":2,"26":2,"27":2,"28":2,"29":2,"30":0,"31":5},"f":{"0":19,"1":2,"2":4,"3":20,"4":2},"b":{"0":[1,1],"1":[2,2],"2":[0,2]},"_coverageSchema":"1a1c01bbd47fc00a2c39e90264f33305004495a9","hash":"a53bdaba048566bf7bbcc1d0b918d6f5a0e8b966"}
,"/Users/reetikachauhan/Documents/UW_programs/nodejs/Project Proposal/daos/flights.js": {"path":"/Users/reetikachauhan/Documents/UW_programs/nodejs/Project Proposal/daos/flights.js","statementMap":{"0":{"start":{"line":1,"column":16},"end":{"line":1,"column":44}},"1":{"start":{"line":2,"column":17},"end":{"line":2,"column":36}},"2":{"start":{"line":4,"column":0},"end":{"line":4,"column":20}},"3":{"start":{"line":6,"column":0},"end":{"line":9,"column":1}},"4":{"start":{"line":7,"column":19},"end":{"line":7,"column":46}},"5":{"start":{"line":8,"column":2},"end":{"line":8,"column":16}},"6":{"start":{"line":12,"column":0},"end":{"line":18,"column":1}},"7":{"start":{"line":13,"column":4},"end":{"line":15,"column":7}},"8":{"start":{"line":14,"column":8},"end":{"line":14,"column":21}},"9":{"start":{"line":16,"column":20},"end":{"line":16,"column":67}},"10":{"start":{"line":17,"column":4},"end":{"line":17,"column":17}},"11":{"start":{"line":21,"column":0},"end":{"line":76,"column":1}},"12":{"start":{"line":22,"column":2},"end":{"line":75,"column":3}},"13":{"start":{"line":24,"column":4},"end":{"line":26,"column":5}},"14":{"start":{"line":25,"column":8},"end":{"line":25,"column":15}},"15":{"start":{"line":29,"column":19},"end":{"line":70,"column":6}},"16":{"start":{"line":71,"column":4},"end":{"line":71,"column":17}},"17":{"start":{"line":73,"column":6},"end":{"line":73,"column":60}},"18":{"start":{"line":74,"column":6},"end":{"line":74,"column":17}},"19":{"start":{"line":78,"column":0},"end":{"line":96,"column":1}},"20":{"start":{"line":79,"column":2},"end":{"line":95,"column":1}},"21":{"start":{"line":80,"column":17},"end":{"line":80,"column":55}},"22":{"start":{"line":82,"column":26},"end":{"line":86,"column":12}},"23":{"start":{"line":88,"column":4},"end":{"line":90,"column":5}},"24":{"start":{"line":89,"column":8},"end":{"line":89,"column":52}},"25":{"start":{"line":91,"column":4},"end":{"line":91,"column":25}},"26":{"start":{"line":93,"column":4},"end":{"line":93,"column":54}},"27":{"start":{"line":94,"column":4},"end":{"line":94,"column":14}},"28":{"start":{"line":98,"column":0},"end":{"line":101,"column":1}},"29":{"start":{"line":99,"column":23},"end":{"line":99,"column":54}},"30":{"start":{"line":100,"column":4},"end":{"line":100,"column":20}},"31":{"start":{"line":104,"column":0},"end":{"line":104,"column":43}}},"fnMap":{"0":{"name":"(anonymous_0)","decl":{"start":{"line":6,"column":28},"end":{"line":6,"column":29}},"loc":{"start":{"line":6,"column":39},"end":{"line":9,"column":1}},"line":6},"1":{"name":"(anonymous_1)","decl":{"start":{"line":12,"column":32},"end":{"line":12,"column":33}},"loc":{"start":{"line":12,"column":52},"end":{"line":18,"column":1}},"line":12},"2":{"name":"(anonymous_2)","decl":{"start":{"line":21,"column":41},"end":{"line":21,"column":42}},"loc":{"start":{"line":21,"column":90},"end":{"line":76,"column":1}},"line":21},"3":{"name":"(anonymous_3)","decl":{"start":{"line":78,"column":34},"end":{"line":78,"column":35}},"loc":{"start":{"line":78,"column":64},"end":{"line":96,"column":1}},"line":78},"4":{"name":"(anonymous_4)","decl":{"start":{"line":98,"column":33},"end":{"line":98,"column":34}},"loc":{"start":{"line":98,"column":53},"end":{"line":101,"column":1}},"line":98}},"branchMap":{"0":{"loc":{"start":{"line":13,"column":4},"end":{"line":15,"column":7}},"type":"if","locations":[{"start":{"line":13,"column":4},"end":{"line":15,"column":7}},{"start":{},"end":{}}],"line":13},"1":{"loc":{"start":{"line":24,"column":4},"end":{"line":26,"column":5}},"type":"if","locations":[{"start":{"line":24,"column":4},"end":{"line":26,"column":5}},{"start":{},"end":{}}],"line":24},"2":{"loc":{"start":{"line":24,"column":8},"end":{"line":24,"column":50}},"type":"binary-expr","locations":[{"start":{"line":24,"column":8},"end":{"line":24,"column":28}},{"start":{"line":24,"column":32},"end":{"line":24,"column":50}}],"line":24},"3":{"loc":{"start":{"line":88,"column":4},"end":{"line":90,"column":5}},"type":"if","locations":[{"start":{"line":88,"column":4},"end":{"line":90,"column":5}},{"start":{},"end":{}}],"line":88}},"s":{"0":5,"1":5,"2":5,"3":5,"4":2,"5":2,"6":5,"7":3,"8":1,"9":2,"10":2,"11":5,"12":0,"13":0,"14":0,"15":0,"16":0,"17":0,"18":0,"19":5,"20":19,"21":19,"22":19,"23":19,"24":0,"25":19,"26":0,"27":0,"28":5,"29":1,"30":1,"31":5},"f":{"0":2,"1":3,"2":0,"3":19,"4":1},"b":{"0":[1,2],"1":[0,0],"2":[0,0],"3":[0,19]},"_coverageSchema":"1a1c01bbd47fc00a2c39e90264f33305004495a9","hash":"fb2388370ce9a9fcad949da22a8ab79039932f02"}
,"/Users/reetikachauhan/Documents/UW_programs/nodejs/Project Proposal/daos/token.js": {"path":"/Users/reetikachauhan/Documents/UW_programs/nodejs/Project Proposal/daos/token.js","statementMap":{"0":{"start":{"line":1,"column":13},"end":{"line":1,"column":38}},"1":{"start":{"line":2,"column":12},"end":{"line":2,"column":35}},"2":{"start":{"line":4,"column":0},"end":{"line":4,"column":20}},"3":{"start":{"line":6,"column":0},"end":{"line":21,"column":1}},"4":{"start":{"line":7,"column":4},"end":{"line":20,"column":5}},"5":{"start":{"line":8,"column":28},"end":{"line":8,"column":69}},"6":{"start":{"line":9,"column":26},"end":{"line":9,"column":92}},"7":{"start":{"line":10,"column":24},"end":{"line":14,"column":9}},"8":{"start":{"line":16,"column":22},"end":{"line":16,"column":50}},"9":{"start":{"line":17,"column":8},"end":{"line":17,"column":20}},"10":{"start":{"line":19,"column":8},"end":{"line":19,"column":16}},"11":{"start":{"line":23,"column":0},"end":{"line":35,"column":2}},"12":{"start":{"line":24,"column":22},"end":{"line":24,"column":88}},"13":{"start":{"line":26,"column":4},"end":{"line":34,"column":7}},"14":{"start":{"line":27,"column":8},"end":{"line":33,"column":11}},"15":{"start":{"line":28,"column":12},"end":{"line":32,"column":13}},"16":{"start":{"line":29,"column":16},"end":{"line":29,"column":28}},"17":{"start":{"line":31,"column":16},"end":{"line":31,"column":33}},"18":{"start":{"line":38,"column":0},"end":{"line":38,"column":43}}},"fnMap":{"0":{"name":"(anonymous_0)","decl":{"start":{"line":6,"column":36},"end":{"line":6,"column":37}},"loc":{"start":{"line":6,"column":53},"end":{"line":21,"column":1}},"line":6},"1":{"name":"(anonymous_1)","decl":{"start":{"line":23,"column":34},"end":{"line":23,"column":35}},"loc":{"start":{"line":23,"column":57},"end":{"line":35,"column":1}},"line":23},"2":{"name":"(anonymous_2)","decl":{"start":{"line":26,"column":23},"end":{"line":26,"column":24}},"loc":{"start":{"line":26,"column":44},"end":{"line":34,"column":5}},"line":26},"3":{"name":"(anonymous_3)","decl":{"start":{"line":27,"column":43},"end":{"line":27,"column":44}},"loc":{"start":{"line":27,"column":61},"end":{"line":33,"column":9}},"line":27}},"branchMap":{"0":{"loc":{"start":{"line":28,"column":12},"end":{"line":32,"column":13}},"type":"if","locations":[{"start":{"line":28,"column":12},"end":{"line":32,"column":13}},{"start":{"line":30,"column":19},"end":{"line":32,"column":13}}],"line":28}},"s":{"0":5,"1":5,"2":5,"3":5,"4":78,"5":78,"6":78,"7":78,"8":78,"9":78,"10":0,"11":5,"12":51,"13":51,"14":51,"15":51,"16":0,"17":51,"18":5},"f":{"0":78,"1":51,"2":51,"3":51},"b":{"0":[0,51]},"_coverageSchema":"1a1c01bbd47fc00a2c39e90264f33305004495a9","hash":"379ada61841e3cc47e231c1f528a507ccf2fc9b9"}
,"/Users/reetikachauhan/Documents/UW_programs/nodejs/Project Proposal/daos/user.js": {"path":"/Users/reetikachauhan/Documents/UW_programs/nodejs/Project Proposal/daos/user.js","statementMap":{"0":{"start":{"line":1,"column":13},"end":{"line":1,"column":38}},"1":{"start":{"line":2,"column":15},"end":{"line":2,"column":32}},"2":{"start":{"line":4,"column":0},"end":{"line":4,"column":20}},"3":{"start":{"line":8,"column":0},"end":{"line":11,"column":1}},"4":{"start":{"line":9,"column":22},"end":{"line":9,"column":64}},"5":{"start":{"line":10,"column":2},"end":{"line":10,"column":19}},"6":{"start":{"line":14,"column":0},"end":{"line":17,"column":1}},"7":{"start":{"line":15,"column":25},"end":{"line":15,"column":55}},"8":{"start":{"line":16,"column":2},"end":{"line":16,"column":74}},"9":{"start":{"line":19,"column":0},"end":{"line":31,"column":1}},"10":{"start":{"line":20,"column":4},"end":{"line":30,"column":5}},"11":{"start":{"line":21,"column":31},"end":{"line":21,"column":69}},"12":{"start":{"line":22,"column":24},"end":{"line":22,"column":155}},"13":{"start":{"line":24,"column":8},"end":{"line":24,"column":23}},"14":{"start":{"line":26,"column":8},"end":{"line":28,"column":9}},"15":{"start":{"line":27,"column":12},"end":{"line":27,"column":59}},"16":{"start":{"line":29,"column":8},"end":{"line":29,"column":20}},"17":{"start":{"line":34,"column":0},"end":{"line":34,"column":43}}},"fnMap":{"0":{"name":"(anonymous_0)","decl":{"start":{"line":8,"column":25},"end":{"line":8,"column":26}},"loc":{"start":{"line":8,"column":41},"end":{"line":11,"column":1}},"line":8},"1":{"name":"(anonymous_1)","decl":{"start":{"line":14,"column":36},"end":{"line":14,"column":37}},"loc":{"start":{"line":14,"column":64},"end":{"line":17,"column":1}},"line":14},"2":{"name":"(anonymous_2)","decl":{"start":{"line":19,"column":24},"end":{"line":19,"column":25}},"loc":{"start":{"line":19,"column":42},"end":{"line":31,"column":1}},"line":19}},"branchMap":{"0":{"loc":{"start":{"line":26,"column":8},"end":{"line":28,"column":9}},"type":"if","locations":[{"start":{"line":26,"column":8},"end":{"line":28,"column":9}},{"start":{},"end":{}}],"line":26},"1":{"loc":{"start":{"line":26,"column":12},"end":{"line":26,"column":58}},"type":"binary-expr","locations":[{"start":{"line":26,"column":12},"end":{"line":26,"column":32}},{"start":{"line":26,"column":36},"end":{"line":26,"column":58}}],"line":26}},"s":{"0":5,"1":5,"2":5,"3":5,"4":83,"5":83,"6":5,"7":2,"8":2,"9":5,"10":92,"11":92,"12":92,"13":91,"14":1,"15":1,"16":0,"17":5},"f":{"0":83,"1":2,"2":92},"b":{"0":[1,0],"1":[1,1]},"_coverageSchema":"1a1c01bbd47fc00a2c39e90264f33305004495a9","hash":"12a827c374a740903ede16040960c8808d49d049"}
,"/Users/reetikachauhan/Documents/UW_programs/nodejs/Project Proposal/middleware/authorization.js": {"path":"/Users/reetikachauhan/Documents/UW_programs/nodejs/Project Proposal/middleware/authorization.js","statementMap":{"0":{"start":{"line":1,"column":16},"end":{"line":11,"column":1}},"1":{"start":{"line":2,"column":4},"end":{"line":10,"column":5}},"2":{"start":{"line":3,"column":8},"end":{"line":7,"column":9}},"3":{"start":{"line":4,"column":12},"end":{"line":4,"column":19}},"4":{"start":{"line":6,"column":12},"end":{"line":6,"column":32}},"5":{"start":{"line":9,"column":8},"end":{"line":9,"column":65}},"6":{"start":{"line":13,"column":0},"end":{"line":13,"column":25}}},"fnMap":{"0":{"name":"(anonymous_0)","decl":{"start":{"line":1,"column":16},"end":{"line":1,"column":17}},"loc":{"start":{"line":1,"column":42},"end":{"line":11,"column":1}},"line":1}},"branchMap":{"0":{"loc":{"start":{"line":3,"column":8},"end":{"line":7,"column":9}},"type":"if","locations":[{"start":{"line":3,"column":8},"end":{"line":7,"column":9}},{"start":{"line":5,"column":15},"end":{"line":7,"column":9}}],"line":3}},"s":{"0":5,"1":19,"2":19,"3":14,"4":5,"5":0,"6":5},"f":{"0":19},"b":{"0":[14,5]},"_coverageSchema":"1a1c01bbd47fc00a2c39e90264f33305004495a9","hash":"2b5f4364c3713cc3e9e691a822a144a26c218e7f"}
,"/Users/reetikachauhan/Documents/UW_programs/nodejs/Project Proposal/middleware/logged_in.js": {"path":"/Users/reetikachauhan/Documents/UW_programs/nodejs/Project Proposal/middleware/logged_in.js","statementMap":{"0":{"start":{"line":1,"column":17},"end":{"line":1,"column":41}},"1":{"start":{"line":3,"column":19},"end":{"line":30,"column":1}},"2":{"start":{"line":5,"column":16},"end":{"line":5,"column":56}},"3":{"start":{"line":7,"column":2},"end":{"line":9,"column":3}},"4":{"start":{"line":8,"column":4},"end":{"line":8,"column":67}},"5":{"start":{"line":11,"column":2},"end":{"line":29,"column":3}},"6":{"start":{"line":13,"column":17},"end":{"line":13,"column":55}},"7":{"start":{"line":15,"column":4},"end":{"line":17,"column":5}},"8":{"start":{"line":16,"column":6},"end":{"line":16,"column":65}},"9":{"start":{"line":19,"column":4},"end":{"line":19,"column":20}},"10":{"start":{"line":22,"column":4},"end":{"line":22,"column":11}},"11":{"start":{"line":24,"column":4},"end":{"line":26,"column":7}},"12":{"start":{"line":25,"column":8},"end":{"line":25,"column":67}},"13":{"start":{"line":28,"column":4},"end":{"line":28,"column":57}},"14":{"start":{"line":32,"column":0},"end":{"line":32,"column":28}}},"fnMap":{"0":{"name":"(anonymous_0)","decl":{"start":{"line":3,"column":19},"end":{"line":3,"column":20}},"loc":{"start":{"line":3,"column":45},"end":{"line":30,"column":1}},"line":3}},"branchMap":{"0":{"loc":{"start":{"line":7,"column":2},"end":{"line":9,"column":3}},"type":"if","locations":[{"start":{"line":7,"column":2},"end":{"line":9,"column":3}},{"start":{},"end":{}}],"line":7},"1":{"loc":{"start":{"line":7,"column":6},"end":{"line":7,"column":31}},"type":"binary-expr","locations":[{"start":{"line":7,"column":6},"end":{"line":7,"column":12}},{"start":{"line":7,"column":16},"end":{"line":7,"column":31}}],"line":7},"2":{"loc":{"start":{"line":15,"column":4},"end":{"line":17,"column":5}},"type":"if","locations":[{"start":{"line":15,"column":4},"end":{"line":17,"column":5}},{"start":{},"end":{}}],"line":15},"3":{"loc":{"start":{"line":24,"column":4},"end":{"line":26,"column":7}},"type":"if","locations":[{"start":{"line":24,"column":4},"end":{"line":26,"column":7}},{"start":{},"end":{}}],"line":24},"4":{"loc":{"start":{"line":24,"column":8},"end":{"line":24,"column":80}},"type":"binary-expr","locations":[{"start":{"line":24,"column":8},"end":{"line":24,"column":41}},{"start":{"line":24,"column":45},"end":{"line":24,"column":80}}],"line":24}},"s":{"0":5,"1":5,"2":65,"3":65,"4":14,"5":51,"6":51,"7":51,"8":0,"9":51,"10":51,"11":0,"12":0,"13":0,"14":5},"f":{"0":65},"b":{"0":[14,51],"1":[65,58],"2":[0,51],"3":[0,0],"4":[0,0]},"_coverageSchema":"1a1c01bbd47fc00a2c39e90264f33305004495a9","hash":"064d619205f75b0a5f3f921d0f550e06d3f8d5ee"}
,"/Users/reetikachauhan/Documents/UW_programs/nodejs/Project Proposal/models/airlines.js": {"path":"/Users/reetikachauhan/Documents/UW_programs/nodejs/Project Proposal/models/airlines.js","statementMap":{"0":{"start":{"line":1,"column":17},"end":{"line":1,"column":36}},"1":{"start":{"line":3,"column":22},"end":{"line":8,"column":2}},"2":{"start":{"line":11,"column":0},"end":{"line":11,"column":59}}},"fnMap":{},"branchMap":{},"s":{"0":5,"1":5,"2":5},"f":{},"b":{},"_coverageSchema":"1a1c01bbd47fc00a2c39e90264f33305004495a9","hash":"31a1577f6de35b31a4c4bfc97006d9da92c6acfa"}
,"/Users/reetikachauhan/Documents/UW_programs/nodejs/Project Proposal/models/airports.js": {"path":"/Users/reetikachauhan/Documents/UW_programs/nodejs/Project Proposal/models/airports.js","statementMap":{"0":{"start":{"line":1,"column":17},"end":{"line":1,"column":36}},"1":{"start":{"line":3,"column":22},"end":{"line":8,"column":2}},"2":{"start":{"line":10,"column":0},"end":{"line":10,"column":42}},"3":{"start":{"line":11,"column":0},"end":{"line":11,"column":59}}},"fnMap":{},"branchMap":{},"s":{"0":5,"1":5,"2":5,"3":5},"f":{},"b":{},"_coverageSchema":"1a1c01bbd47fc00a2c39e90264f33305004495a9","hash":"a87312c62b8a255236acb467f7b08862326cfd6a"}
,"/Users/reetikachauhan/Documents/UW_programs/nodejs/Project Proposal/models/booking.js": {"path":"/Users/reetikachauhan/Documents/UW_programs/nodejs/Project Proposal/models/booking.js","statementMap":{"0":{"start":{"line":1,"column":17},"end":{"line":1,"column":36}},"1":{"start":{"line":3,"column":22},"end":{"line":10,"column":2}},"2":{"start":{"line":13,"column":0},"end":{"line":13,"column":58}}},"fnMap":{},"branchMap":{},"s":{"0":5,"1":5,"2":5},"f":{},"b":{},"_coverageSchema":"1a1c01bbd47fc00a2c39e90264f33305004495a9","hash":"2cf990e04c57e9d60f35207eada6b513d632079d"}
,"/Users/reetikachauhan/Documents/UW_programs/nodejs/Project Proposal/models/flights.js": {"path":"/Users/reetikachauhan/Documents/UW_programs/nodejs/Project Proposal/models/flights.js","statementMap":{"0":{"start":{"line":1,"column":17},"end":{"line":1,"column":36}},"1":{"start":{"line":3,"column":21},"end":{"line":24,"column":2}},"2":{"start":{"line":27,"column":0},"end":{"line":27,"column":58}}},"fnMap":{},"branchMap":{},"s":{"0":5,"1":5,"2":5},"f":{},"b":{},"_coverageSchema":"1a1c01bbd47fc00a2c39e90264f33305004495a9","hash":"a7448075f5eae23a72e67af5b82ce9cdfd4e2db6"}
,"/Users/reetikachauhan/Documents/UW_programs/nodejs/Project Proposal/models/user.js": {"path":"/Users/reetikachauhan/Documents/UW_programs/nodejs/Project Proposal/models/user.js","statementMap":{"0":{"start":{"line":1,"column":17},"end":{"line":1,"column":36}},"1":{"start":{"line":3,"column":19},"end":{"line":10,"column":2}},"2":{"start":{"line":13,"column":0},"end":{"line":13,"column":53}}},"fnMap":{},"branchMap":{},"s":{"0":5,"1":5,"2":5},"f":{},"b":{},"_coverageSchema":"1a1c01bbd47fc00a2c39e90264f33305004495a9","hash":"b5c60a1d09c5335f8559e731e493c5bf48d0b61c"}
,"/Users/reetikachauhan/Documents/UW_programs/nodejs/Project Proposal/routes/airlines.js": {"path":"/Users/reetikachauhan/Documents/UW_programs/nodejs/Project Proposal/routes/airlines.js","statementMap":{"0":{"start":{"line":1,"column":19},"end":{"line":1,"column":37}},"1":{"start":{"line":2,"column":15},"end":{"line":2,"column":23}},"2":{"start":{"line":4,"column":17},"end":{"line":4,"column":41}},"3":{"start":{"line":5,"column":19},"end":{"line":5,"column":46}},"4":{"start":{"line":6,"column":19},"end":{"line":6,"column":53}},"5":{"start":{"line":7,"column":16},"end":{"line":7,"column":54}},"6":{"start":{"line":10,"column":0},"end":{"line":28,"column":3}},"7":{"start":{"line":11,"column":23},"end":{"line":11,"column":31}},"8":{"start":{"line":12,"column":4},"end":{"line":27,"column":5}},"9":{"start":{"line":13,"column":8},"end":{"line":13,"column":44}},"10":{"start":{"line":15,"column":8},"end":{"line":26,"column":9}},"11":{"start":{"line":16,"column":34},"end":{"line":16,"column":80}},"12":{"start":{"line":17,"column":12},"end":{"line":17,"column":35}},"13":{"start":{"line":19,"column":12},"end":{"line":25,"column":13}},"14":{"start":{"line":21,"column":16},"end":{"line":21,"column":59}},"15":{"start":{"line":24,"column":16},"end":{"line":24,"column":28}},"16":{"start":{"line":31,"column":0},"end":{"line":38,"column":3}},"17":{"start":{"line":32,"column":4},"end":{"line":37,"column":5}},"18":{"start":{"line":33,"column":31},"end":{"line":33,"column":61}},"19":{"start":{"line":34,"column":8},"end":{"line":34,"column":52}},"20":{"start":{"line":36,"column":8},"end":{"line":36,"column":15}},"21":{"start":{"line":41,"column":0},"end":{"line":62,"column":3}},"22":{"start":{"line":42,"column":22},"end":{"line":42,"column":35}},"23":{"start":{"line":43,"column":4},"end":{"line":61,"column":5}},"24":{"start":{"line":44,"column":30},"end":{"line":44,"column":74}},"25":{"start":{"line":45,"column":8},"end":{"line":51,"column":9}},"26":{"start":{"line":46,"column":11},"end":{"line":46,"column":34}},"27":{"start":{"line":50,"column":13},"end":{"line":50,"column":51}},"28":{"start":{"line":53,"column":8},"end":{"line":60,"column":9}},"29":{"start":{"line":55,"column":12},"end":{"line":55,"column":55}},"30":{"start":{"line":58,"column":12},"end":{"line":58,"column":52}},"31":{"start":{"line":59,"column":12},"end":{"line":59,"column":24}},"32":{"start":{"line":64,"column":0},"end":{"line":74,"column":3}},"33":{"start":{"line":65,"column":26},"end":{"line":65,"column":34}},"34":{"start":{"line":66,"column":16},"end":{"line":66,"column":29}},"35":{"start":{"line":67,"column":4},"end":{"line":72,"column":5}},"36":{"start":{"line":68,"column":34},"end":{"line":68,"column":84}},"37":{"start":{"line":69,"column":8},"end":{"line":69,"column":55}},"38":{"start":{"line":71,"column":8},"end":{"line":71,"column":15}},"39":{"start":{"line":76,"column":0},"end":{"line":84,"column":5}},"40":{"start":{"line":77,"column":16},"end":{"line":77,"column":29}},"41":{"start":{"line":78,"column":4},"end":{"line":83,"column":5}},"42":{"start":{"line":79,"column":22},"end":{"line":79,"column":54}},"43":{"start":{"line":80,"column":6},"end":{"line":80,"column":42}},"44":{"start":{"line":82,"column":6},"end":{"line":82,"column":38}},"45":{"start":{"line":87,"column":2},"end":{"line":87,"column":26}}},"fnMap":{"0":{"name":"(anonymous_0)","decl":{"start":{"line":10,"column":36},"end":{"line":10,"column":37}},"loc":{"start":{"line":10,"column":62},"end":{"line":28,"column":1}},"line":10},"1":{"name":"(anonymous_1)","decl":{"start":{"line":31,"column":16},"end":{"line":31,"column":17}},"loc":{"start":{"line":31,"column":42},"end":{"line":38,"column":1}},"line":31},"2":{"name":"(anonymous_2)","decl":{"start":{"line":41,"column":19},"end":{"line":41,"column":20}},"loc":{"start":{"line":41,"column":45},"end":{"line":62,"column":1}},"line":41},"3":{"name":"(anonymous_3)","decl":{"start":{"line":64,"column":37},"end":{"line":64,"column":38}},"loc":{"start":{"line":64,"column":63},"end":{"line":74,"column":1}},"line":64},"4":{"name":"(anonymous_4)","decl":{"start":{"line":76,"column":22},"end":{"line":76,"column":23}},"loc":{"start":{"line":76,"column":48},"end":{"line":84,"column":3}},"line":76}},"branchMap":{"0":{"loc":{"start":{"line":12,"column":4},"end":{"line":27,"column":5}},"type":"if","locations":[{"start":{"line":12,"column":4},"end":{"line":27,"column":5}},{"start":{"line":14,"column":11},"end":{"line":27,"column":5}}],"line":12},"1":{"loc":{"start":{"line":12,"column":9},"end":{"line":12,"column":97}},"type":"binary-expr","locations":[{"start":{"line":12,"column":9},"end":{"line":12,"column":20}},{"start":{"line":12,"column":23},"end":{"line":12,"column":58}},{"start":{"line":12,"column":61},"end":{"line":12,"column":77}},{"start":{"line":12,"column":81},"end":{"line":12,"column":97}}],"line":12},"2":{"loc":{"start":{"line":19,"column":12},"end":{"line":25,"column":13}},"type":"if","locations":[{"start":{"line":19,"column":12},"end":{"line":25,"column":13}},{"start":{"line":22,"column":19},"end":{"line":25,"column":13}}],"line":19},"3":{"loc":{"start":{"line":45,"column":8},"end":{"line":51,"column":9}},"type":"if","locations":[{"start":{"line":45,"column":8},"end":{"line":51,"column":9}},{"start":{"line":48,"column":13},"end":{"line":51,"column":9}}],"line":45},"4":{"loc":{"start":{"line":53,"column":8},"end":{"line":60,"column":9}},"type":"if","locations":[{"start":{"line":53,"column":8},"end":{"line":60,"column":9}},{"start":{"line":56,"column":15},"end":{"line":60,"column":9}}],"line":53},"5":{"loc":{"start":{"line":80,"column":21},"end":{"line":80,"column":40}},"type":"cond-expr","locations":[{"start":{"line":80,"column":31},"end":{"line":80,"column":34}},{"start":{"line":80,"column":37},"end":{"line":80,"column":40}}],"line":80}},"s":{"0":5,"1":5,"2":5,"3":5,"4":5,"5":5,"6":5,"7":5,"8":5,"9":2,"10":3,"11":3,"12":3,"13":0,"14":0,"15":0,"16":5,"17":1,"18":1,"19":1,"20":0,"21":5,"22":5,"23":5,"24":5,"25":5,"26":4,"27":1,"28":0,"29":0,"30":0,"31":0,"32":5,"33":1,"34":1,"35":1,"36":1,"37":1,"38":0,"39":5,"40":2,"41":2,"42":2,"43":2,"44":0,"45":5},"f":{"0":5,"1":1,"2":5,"3":1,"4":2},"b":{"0":[2,3],"1":[5,5,4,3],"2":[0,0],"3":[4,1],"4":[0,0],"5":[1,1]},"_coverageSchema":"1a1c01bbd47fc00a2c39e90264f33305004495a9","hash":"0d962b3616b1318cd15d724bf0669aa0e43cd02d"}
,"/Users/reetikachauhan/Documents/UW_programs/nodejs/Project Proposal/routes/airports.js": {"path":"/Users/reetikachauhan/Documents/UW_programs/nodejs/Project Proposal/routes/airports.js","statementMap":{"0":{"start":{"line":1,"column":19},"end":{"line":1,"column":37}},"1":{"start":{"line":2,"column":15},"end":{"line":2,"column":23}},"2":{"start":{"line":4,"column":17},"end":{"line":4,"column":41}},"3":{"start":{"line":5,"column":19},"end":{"line":5,"column":46}},"4":{"start":{"line":6,"column":19},"end":{"line":6,"column":53}},"5":{"start":{"line":7,"column":16},"end":{"line":7,"column":54}},"6":{"start":{"line":10,"column":0},"end":{"line":30,"column":3}},"7":{"start":{"line":11,"column":23},"end":{"line":11,"column":31}},"8":{"start":{"line":12,"column":4},"end":{"line":29,"column":5}},"9":{"start":{"line":13,"column":8},"end":{"line":13,"column":44}},"10":{"start":{"line":16,"column":8},"end":{"line":28,"column":9}},"11":{"start":{"line":17,"column":34},"end":{"line":17,"column":79}},"12":{"start":{"line":18,"column":12},"end":{"line":18,"column":35}},"13":{"start":{"line":20,"column":12},"end":{"line":26,"column":13}},"14":{"start":{"line":22,"column":16},"end":{"line":22,"column":59}},"15":{"start":{"line":25,"column":16},"end":{"line":25,"column":28}},"16":{"start":{"line":27,"column":12},"end":{"line":27,"column":24}},"17":{"start":{"line":33,"column":0},"end":{"line":51,"column":3}},"18":{"start":{"line":34,"column":4},"end":{"line":50,"column":5}},"19":{"start":{"line":35,"column":8},"end":{"line":40,"column":9}},"20":{"start":{"line":36,"column":35},"end":{"line":36,"column":64}},"21":{"start":{"line":37,"column":12},"end":{"line":37,"column":56}},"22":{"start":{"line":39,"column":12},"end":{"line":39,"column":19}},"23":{"start":{"line":44,"column":8},"end":{"line":49,"column":9}},"24":{"start":{"line":45,"column":35},"end":{"line":45,"column":88}},"25":{"start":{"line":46,"column":12},"end":{"line":46,"column":56}},"26":{"start":{"line":48,"column":12},"end":{"line":48,"column":19}},"27":{"start":{"line":53,"column":0},"end":{"line":61,"column":3}},"28":{"start":{"line":54,"column":22},"end":{"line":54,"column":35}},"29":{"start":{"line":55,"column":26},"end":{"line":55,"column":69}},"30":{"start":{"line":56,"column":4},"end":{"line":60,"column":7}},"31":{"start":{"line":57,"column":8},"end":{"line":57,"column":32}},"32":{"start":{"line":59,"column":8},"end":{"line":59,"column":28}},"33":{"start":{"line":63,"column":0},"end":{"line":72,"column":3}},"34":{"start":{"line":64,"column":26},"end":{"line":64,"column":34}},"35":{"start":{"line":65,"column":16},"end":{"line":65,"column":29}},"36":{"start":{"line":66,"column":4},"end":{"line":71,"column":5}},"37":{"start":{"line":67,"column":34},"end":{"line":67,"column":83}},"38":{"start":{"line":68,"column":8},"end":{"line":68,"column":55}},"39":{"start":{"line":70,"column":8},"end":{"line":70,"column":15}},"40":{"start":{"line":74,"column":0},"end":{"line":82,"column":5}},"41":{"start":{"line":75,"column":16},"end":{"line":75,"column":29}},"42":{"start":{"line":76,"column":4},"end":{"line":81,"column":5}},"43":{"start":{"line":77,"column":22},"end":{"line":77,"column":54}},"44":{"start":{"line":78,"column":6},"end":{"line":78,"column":42}},"45":{"start":{"line":80,"column":6},"end":{"line":80,"column":38}},"46":{"start":{"line":84,"column":2},"end":{"line":84,"column":26}}},"fnMap":{"0":{"name":"(anonymous_0)","decl":{"start":{"line":10,"column":36},"end":{"line":10,"column":37}},"loc":{"start":{"line":10,"column":62},"end":{"line":30,"column":1}},"line":10},"1":{"name":"(anonymous_1)","decl":{"start":{"line":33,"column":16},"end":{"line":33,"column":17}},"loc":{"start":{"line":33,"column":42},"end":{"line":51,"column":1}},"line":33},"2":{"name":"(anonymous_2)","decl":{"start":{"line":53,"column":19},"end":{"line":53,"column":20}},"loc":{"start":{"line":53,"column":45},"end":{"line":61,"column":1}},"line":53},"3":{"name":"(anonymous_3)","decl":{"start":{"line":63,"column":38},"end":{"line":63,"column":39}},"loc":{"start":{"line":63,"column":64},"end":{"line":72,"column":1}},"line":63},"4":{"name":"(anonymous_4)","decl":{"start":{"line":74,"column":22},"end":{"line":74,"column":23}},"loc":{"start":{"line":74,"column":48},"end":{"line":82,"column":3}},"line":74}},"branchMap":{"0":{"loc":{"start":{"line":12,"column":4},"end":{"line":29,"column":5}},"type":"if","locations":[{"start":{"line":12,"column":4},"end":{"line":29,"column":5}},{"start":{"line":15,"column":8},"end":{"line":29,"column":5}}],"line":12},"1":{"loc":{"start":{"line":12,"column":9},"end":{"line":12,"column":97}},"type":"binary-expr","locations":[{"start":{"line":12,"column":9},"end":{"line":12,"column":20}},{"start":{"line":12,"column":23},"end":{"line":12,"column":58}},{"start":{"line":12,"column":61},"end":{"line":12,"column":77}},{"start":{"line":12,"column":81},"end":{"line":12,"column":97}}],"line":12},"2":{"loc":{"start":{"line":20,"column":12},"end":{"line":26,"column":13}},"type":"if","locations":[{"start":{"line":20,"column":12},"end":{"line":26,"column":13}},{"start":{"line":23,"column":19},"end":{"line":26,"column":13}}],"line":20},"3":{"loc":{"start":{"line":34,"column":4},"end":{"line":50,"column":5}},"type":"if","locations":[{"start":{"line":34,"column":4},"end":{"line":50,"column":5}},{"start":{"line":42,"column":9},"end":{"line":50,"column":5}}],"line":34},"4":{"loc":{"start":{"line":56,"column":4},"end":{"line":60,"column":7}},"type":"if","locations":[{"start":{"line":56,"column":4},"end":{"line":60,"column":7}},{"start":{"line":58,"column":13},"end":{"line":60,"column":7}}],"line":56},"5":{"loc":{"start":{"line":78,"column":21},"end":{"line":78,"column":40}},"type":"cond-expr","locations":[{"start":{"line":78,"column":31},"end":{"line":78,"column":34}},{"start":{"line":78,"column":37},"end":{"line":78,"column":40}}],"line":78}},"s":{"0":5,"1":5,"2":5,"3":5,"4":5,"5":5,"6":5,"7":5,"8":5,"9":2,"10":3,"11":3,"12":3,"13":0,"14":0,"15":0,"16":0,"17":5,"18":3,"19":1,"20":1,"21":1,"22":0,"23":2,"24":2,"25":2,"26":0,"27":5,"28":6,"29":6,"30":6,"31":5,"32":1,"33":5,"34":1,"35":1,"36":1,"37":1,"38":1,"39":0,"40":5,"41":2,"42":2,"43":2,"44":2,"45":0,"46":5},"f":{"0":5,"1":3,"2":6,"3":1,"4":2},"b":{"0":[2,3],"1":[5,5,4,3],"2":[0,0],"3":[1,2],"4":[5,1],"5":[1,1]},"_coverageSchema":"1a1c01bbd47fc00a2c39e90264f33305004495a9","hash":"4be3471011ba9c2da2ce272a6ee452a98714fc92"}
,"/Users/reetikachauhan/Documents/UW_programs/nodejs/Project Proposal/routes/auth.js": {"path":"/Users/reetikachauhan/Documents/UW_programs/nodejs/Project Proposal/routes/auth.js","statementMap":{"0":{"start":{"line":1,"column":19},"end":{"line":1,"column":37}},"1":{"start":{"line":2,"column":15},"end":{"line":2,"column":23}},"2":{"start":{"line":4,"column":17},"end":{"line":4,"column":41}},"3":{"start":{"line":5,"column":16},"end":{"line":5,"column":39}},"4":{"start":{"line":6,"column":19},"end":{"line":6,"column":53}},"5":{"start":{"line":8,"column":15},"end":{"line":8,"column":32}},"6":{"start":{"line":10,"column":0},"end":{"line":39,"column":3}},"7":{"start":{"line":11,"column":20},"end":{"line":11,"column":28}},"8":{"start":{"line":12,"column":4},"end":{"line":38,"column":5}},"9":{"start":{"line":13,"column":8},"end":{"line":13,"column":63}},"10":{"start":{"line":15,"column":8},"end":{"line":37,"column":9}},"11":{"start":{"line":16,"column":31},"end":{"line":16,"column":67}},"12":{"start":{"line":17,"column":12},"end":{"line":27,"column":13}},"13":{"start":{"line":18,"column":16},"end":{"line":18,"column":55}},"14":{"start":{"line":20,"column":38},"end":{"line":20,"column":97}},"15":{"start":{"line":21,"column":16},"end":{"line":26,"column":17}},"16":{"start":{"line":22,"column":20},"end":{"line":22,"column":68}},"17":{"start":{"line":24,"column":40},"end":{"line":24,"column":89}},"18":{"start":{"line":25,"column":20},"end":{"line":25,"column":72}},"19":{"start":{"line":29,"column":12},"end":{"line":35,"column":13}},"20":{"start":{"line":31,"column":16},"end":{"line":31,"column":59}},"21":{"start":{"line":34,"column":16},"end":{"line":34,"column":28}},"22":{"start":{"line":36,"column":12},"end":{"line":36,"column":24}},"23":{"start":{"line":43,"column":0},"end":{"line":61,"column":3}},"24":{"start":{"line":44,"column":20},"end":{"line":44,"column":28}},"25":{"start":{"line":45,"column":2},"end":{"line":47,"column":3}},"26":{"start":{"line":46,"column":4},"end":{"line":46,"column":66}},"27":{"start":{"line":48,"column":4},"end":{"line":60,"column":5}},"28":{"start":{"line":49,"column":26},"end":{"line":49,"column":55}},"29":{"start":{"line":50,"column":8},"end":{"line":50,"column":47}},"30":{"start":{"line":53,"column":8},"end":{"line":59,"column":9}},"31":{"start":{"line":55,"column":12},"end":{"line":55,"column":55}},"32":{"start":{"line":58,"column":12},"end":{"line":58,"column":24}},"33":{"start":{"line":65,"column":0},"end":{"line":78,"column":3}},"34":{"start":{"line":66,"column":25},"end":{"line":66,"column":33}},"35":{"start":{"line":67,"column":4},"end":{"line":69,"column":5}},"36":{"start":{"line":68,"column":8},"end":{"line":68,"column":60}},"37":{"start":{"line":70,"column":19},"end":{"line":70,"column":31}},"38":{"start":{"line":71,"column":4},"end":{"line":76,"column":5}},"39":{"start":{"line":72,"column":32},"end":{"line":72,"column":94}},"40":{"start":{"line":73,"column":8},"end":{"line":73,"column":53}},"41":{"start":{"line":75,"column":8},"end":{"line":75,"column":15}},"42":{"start":{"line":81,"column":2},"end":{"line":81,"column":26}}},"fnMap":{"0":{"name":"(anonymous_0)","decl":{"start":{"line":10,"column":22},"end":{"line":10,"column":23}},"loc":{"start":{"line":10,"column":48},"end":{"line":39,"column":1}},"line":10},"1":{"name":"(anonymous_1)","decl":{"start":{"line":43,"column":23},"end":{"line":43,"column":24}},"loc":{"start":{"line":43,"column":49},"end":{"line":61,"column":1}},"line":43},"2":{"name":"(anonymous_2)","decl":{"start":{"line":65,"column":35},"end":{"line":65,"column":36}},"loc":{"start":{"line":65,"column":61},"end":{"line":78,"column":1}},"line":65}},"branchMap":{"0":{"loc":{"start":{"line":12,"column":4},"end":{"line":38,"column":5}},"type":"if","locations":[{"start":{"line":12,"column":4},"end":{"line":38,"column":5}},{"start":{"line":14,"column":11},"end":{"line":38,"column":5}}],"line":12},"1":{"loc":{"start":{"line":12,"column":8},"end":{"line":12,"column":79}},"type":"binary-expr","locations":[{"start":{"line":12,"column":8},"end":{"line":12,"column":22}},{"start":{"line":12,"column":26},"end":{"line":12,"column":43}},{"start":{"line":12,"column":47},"end":{"line":12,"column":79}}],"line":12},"2":{"loc":{"start":{"line":17,"column":12},"end":{"line":27,"column":13}},"type":"if","locations":[{"start":{"line":17,"column":12},"end":{"line":27,"column":13}},{"start":{"line":19,"column":19},"end":{"line":27,"column":13}}],"line":17},"3":{"loc":{"start":{"line":21,"column":16},"end":{"line":26,"column":17}},"type":"if","locations":[{"start":{"line":21,"column":16},"end":{"line":26,"column":17}},{"start":{"line":23,"column":23},"end":{"line":26,"column":17}}],"line":21},"4":{"loc":{"start":{"line":29,"column":12},"end":{"line":35,"column":13}},"type":"if","locations":[{"start":{"line":29,"column":12},"end":{"line":35,"column":13}},{"start":{"line":32,"column":19},"end":{"line":35,"column":13}}],"line":29},"5":{"loc":{"start":{"line":45,"column":2},"end":{"line":47,"column":3}},"type":"if","locations":[{"start":{"line":45,"column":2},"end":{"line":47,"column":3}},{"start":{},"end":{}}],"line":45},"6":{"loc":{"start":{"line":45,"column":6},"end":{"line":45,"column":77}},"type":"binary-expr","locations":[{"start":{"line":45,"column":6},"end":{"line":45,"column":20}},{"start":{"line":45,"column":24},"end":{"line":45,"column":41}},{"start":{"line":45,"column":45},"end":{"line":45,"column":77}}],"line":45},"7":{"loc":{"start":{"line":53,"column":8},"end":{"line":59,"column":9}},"type":"if","locations":[{"start":{"line":53,"column":8},"end":{"line":59,"column":9}},{"start":{"line":56,"column":15},"end":{"line":59,"column":9}}],"line":53},"8":{"loc":{"start":{"line":67,"column":4},"end":{"line":69,"column":5}},"type":"if","locations":[{"start":{"line":67,"column":4},"end":{"line":69,"column":5}},{"start":{},"end":{}}],"line":67}},"s":{"0":5,"1":5,"2":5,"3":5,"4":5,"5":5,"6":5,"7":85,"8":85,"9":2,"10":83,"11":83,"12":83,"13":1,"14":82,"15":82,"16":4,"17":78,"18":78,"19":0,"20":0,"21":0,"22":0,"23":5,"24":94,"25":94,"26":2,"27":92,"28":92,"29":91,"30":1,"31":1,"32":0,"33":5,"34":3,"35":3,"36":1,"37":2,"38":2,"39":2,"40":2,"41":0,"42":5},"f":{"0":85,"1":94,"2":3},"b":{"0":[2,83],"1":[85,85,83],"2":[1,82],"3":[4,78],"4":[0,0],"5":[2,92],"6":[94,94,92],"7":[1,0],"8":[1,2]},"_coverageSchema":"1a1c01bbd47fc00a2c39e90264f33305004495a9","hash":"0beff20cffbf08f31718f3aa84eaeb2a6638c63e"}
,"/Users/reetikachauhan/Documents/UW_programs/nodejs/Project Proposal/routes/booking.js": {"path":"/Users/reetikachauhan/Documents/UW_programs/nodejs/Project Proposal/routes/booking.js","statementMap":{"0":{"start":{"line":1,"column":19},"end":{"line":1,"column":37}},"1":{"start":{"line":2,"column":15},"end":{"line":2,"column":23}},"2":{"start":{"line":4,"column":17},"end":{"line":4,"column":36}},"3":{"start":{"line":5,"column":17},"end":{"line":5,"column":41}},"4":{"start":{"line":6,"column":19},"end":{"line":6,"column":45}},"5":{"start":{"line":7,"column":18},"end":{"line":7,"column":44}},"6":{"start":{"line":8,"column":19},"end":{"line":8,"column":53}},"7":{"start":{"line":12,"column":0},"end":{"line":46,"column":3}},"8":{"start":{"line":13,"column":23},"end":{"line":13,"column":31}},"9":{"start":{"line":15,"column":4},"end":{"line":45,"column":5}},"10":{"start":{"line":16,"column":8},"end":{"line":16,"column":44}},"11":{"start":{"line":18,"column":8},"end":{"line":44,"column":9}},"12":{"start":{"line":19,"column":38},"end":{"line":19,"column":88}},"13":{"start":{"line":20,"column":12},"end":{"line":22,"column":13}},"14":{"start":{"line":21,"column":16},"end":{"line":21,"column":87}},"15":{"start":{"line":23,"column":31},"end":{"line":23,"column":60}},"16":{"start":{"line":24,"column":12},"end":{"line":34,"column":13}},"17":{"start":{"line":24,"column":24},"end":{"line":24,"column":25}},"18":{"start":{"line":25,"column":16},"end":{"line":33,"column":17}},"19":{"start":{"line":26,"column":20},"end":{"line":26,"column":58}},"20":{"start":{"line":27,"column":42},"end":{"line":27,"column":107}},"21":{"start":{"line":28,"column":42},"end":{"line":28,"column":109}},"22":{"start":{"line":29,"column":20},"end":{"line":31,"column":21}},"23":{"start":{"line":30,"column":24},"end":{"line":30,"column":67}},"24":{"start":{"line":36,"column":12},"end":{"line":42,"column":13}},"25":{"start":{"line":38,"column":16},"end":{"line":38,"column":59}},"26":{"start":{"line":41,"column":16},"end":{"line":41,"column":28}},"27":{"start":{"line":43,"column":12},"end":{"line":43,"column":24}},"28":{"start":{"line":48,"column":0},"end":{"line":61,"column":3}},"29":{"start":{"line":51,"column":4},"end":{"line":60,"column":9}},"30":{"start":{"line":52,"column":12},"end":{"line":56,"column":13}},"31":{"start":{"line":53,"column":16},"end":{"line":53,"column":62}},"32":{"start":{"line":55,"column":16},"end":{"line":55,"column":70}},"33":{"start":{"line":57,"column":12},"end":{"line":57,"column":43}},"34":{"start":{"line":59,"column":12},"end":{"line":59,"column":69}},"35":{"start":{"line":63,"column":0},"end":{"line":87,"column":3}},"36":{"start":{"line":64,"column":22},"end":{"line":64,"column":35}},"37":{"start":{"line":67,"column":4},"end":{"line":86,"column":5}},"38":{"start":{"line":68,"column":8},"end":{"line":72,"column":13}},"39":{"start":{"line":69,"column":16},"end":{"line":69,"column":78}},"40":{"start":{"line":71,"column":16},"end":{"line":71,"column":86}},"41":{"start":{"line":73,"column":8},"end":{"line":77,"column":9}},"42":{"start":{"line":74,"column":12},"end":{"line":74,"column":43}},"43":{"start":{"line":76,"column":12},"end":{"line":76,"column":78}},"44":{"start":{"line":79,"column":8},"end":{"line":85,"column":9}},"45":{"start":{"line":81,"column":12},"end":{"line":81,"column":55}},"46":{"start":{"line":84,"column":12},"end":{"line":84,"column":24}},"47":{"start":{"line":89,"column":0},"end":{"line":116,"column":3}},"48":{"start":{"line":90,"column":22},"end":{"line":90,"column":35}},"49":{"start":{"line":91,"column":4},"end":{"line":93,"column":7}},"50":{"start":{"line":92,"column":8},"end":{"line":92,"column":70}},"51":{"start":{"line":95,"column":4},"end":{"line":115,"column":5}},"52":{"start":{"line":96,"column":33},"end":{"line":96,"column":89}},"53":{"start":{"line":97,"column":12},"end":{"line":105,"column":13}},"54":{"start":{"line":98,"column":16},"end":{"line":98,"column":73}},"55":{"start":{"line":100,"column":17},"end":{"line":105,"column":13}},"56":{"start":{"line":101,"column":16},"end":{"line":101,"column":51}},"57":{"start":{"line":104,"column":16},"end":{"line":104,"column":60}},"58":{"start":{"line":108,"column":8},"end":{"line":114,"column":9}},"59":{"start":{"line":110,"column":12},"end":{"line":110,"column":55}},"60":{"start":{"line":113,"column":12},"end":{"line":113,"column":24}},"61":{"start":{"line":120,"column":0},"end":{"line":120,"column":24}}},"fnMap":{"0":{"name":"(anonymous_0)","decl":{"start":{"line":12,"column":28},"end":{"line":12,"column":29}},"loc":{"start":{"line":12,"column":54},"end":{"line":46,"column":1}},"line":12},"1":{"name":"(anonymous_1)","decl":{"start":{"line":48,"column":27},"end":{"line":48,"column":28}},"loc":{"start":{"line":48,"column":53},"end":{"line":61,"column":1}},"line":48},"2":{"name":"(anonymous_2)","decl":{"start":{"line":63,"column":30},"end":{"line":63,"column":31}},"loc":{"start":{"line":63,"column":56},"end":{"line":87,"column":1}},"line":63},"3":{"name":"(anonymous_3)","decl":{"start":{"line":89,"column":37},"end":{"line":89,"column":38}},"loc":{"start":{"line":89,"column":63},"end":{"line":116,"column":1}},"line":89}},"branchMap":{"0":{"loc":{"start":{"line":15,"column":4},"end":{"line":45,"column":5}},"type":"if","locations":[{"start":{"line":15,"column":4},"end":{"line":45,"column":5}},{"start":{"line":17,"column":11},"end":{"line":45,"column":5}}],"line":15},"1":{"loc":{"start":{"line":20,"column":12},"end":{"line":22,"column":13}},"type":"if","locations":[{"start":{"line":20,"column":12},"end":{"line":22,"column":13}},{"start":{},"end":{}}],"line":20},"2":{"loc":{"start":{"line":20,"column":16},"end":{"line":20,"column":68}},"type":"binary-expr","locations":[{"start":{"line":20,"column":16},"end":{"line":20,"column":34}},{"start":{"line":20,"column":38},"end":{"line":20,"column":68}}],"line":20},"3":{"loc":{"start":{"line":25,"column":16},"end":{"line":33,"column":17}},"type":"if","locations":[{"start":{"line":25,"column":16},"end":{"line":33,"column":17}},{"start":{},"end":{}}],"line":25},"4":{"loc":{"start":{"line":29,"column":20},"end":{"line":31,"column":21}},"type":"if","locations":[{"start":{"line":29,"column":20},"end":{"line":31,"column":21}},{"start":{},"end":{}}],"line":29},"5":{"loc":{"start":{"line":29,"column":23},"end":{"line":29,"column":53}},"type":"binary-expr","locations":[{"start":{"line":29,"column":23},"end":{"line":29,"column":36}},{"start":{"line":29,"column":40},"end":{"line":29,"column":53}}],"line":29},"6":{"loc":{"start":{"line":36,"column":12},"end":{"line":42,"column":13}},"type":"if","locations":[{"start":{"line":36,"column":12},"end":{"line":42,"column":13}},{"start":{"line":39,"column":19},"end":{"line":42,"column":13}}],"line":36},"7":{"loc":{"start":{"line":52,"column":12},"end":{"line":56,"column":13}},"type":"if","locations":[{"start":{"line":52,"column":12},"end":{"line":56,"column":13}},{"start":{"line":54,"column":19},"end":{"line":56,"column":13}}],"line":52},"8":{"loc":{"start":{"line":68,"column":8},"end":{"line":72,"column":13}},"type":"if","locations":[{"start":{"line":68,"column":8},"end":{"line":72,"column":13}},{"start":{"line":70,"column":19},"end":{"line":72,"column":13}}],"line":68},"9":{"loc":{"start":{"line":73,"column":8},"end":{"line":77,"column":9}},"type":"if","locations":[{"start":{"line":73,"column":8},"end":{"line":77,"column":9}},{"start":{"line":75,"column":12},"end":{"line":77,"column":9}}],"line":73},"10":{"loc":{"start":{"line":79,"column":8},"end":{"line":85,"column":9}},"type":"if","locations":[{"start":{"line":79,"column":8},"end":{"line":85,"column":9}},{"start":{"line":82,"column":15},"end":{"line":85,"column":9}}],"line":79},"11":{"loc":{"start":{"line":91,"column":4},"end":{"line":93,"column":7}},"type":"if","locations":[{"start":{"line":91,"column":4},"end":{"line":93,"column":7}},{"start":{},"end":{}}],"line":91},"12":{"loc":{"start":{"line":97,"column":12},"end":{"line":105,"column":13}},"type":"if","locations":[{"start":{"line":97,"column":12},"end":{"line":105,"column":13}},{"start":{"line":100,"column":17},"end":{"line":105,"column":13}}],"line":97},"13":{"loc":{"start":{"line":97,"column":16},"end":{"line":97,"column":57}},"type":"binary-expr","locations":[{"start":{"line":97,"column":16},"end":{"line":97,"column":28}},{"start":{"line":97,"column":32},"end":{"line":97,"column":57}}],"line":97},"14":{"loc":{"start":{"line":100,"column":17},"end":{"line":105,"column":13}},"type":"if","locations":[{"start":{"line":100,"column":17},"end":{"line":105,"column":13}},{"start":{"line":103,"column":16},"end":{"line":105,"column":13}}],"line":100},"15":{"loc":{"start":{"line":108,"column":8},"end":{"line":114,"column":9}},"type":"if","locations":[{"start":{"line":108,"column":8},"end":{"line":114,"column":9}},{"start":{"line":111,"column":15},"end":{"line":114,"column":9}}],"line":108}},"s":{"0":5,"1":5,"2":5,"3":5,"4":5,"5":5,"6":5,"7":5,"8":20,"9":20,"10":0,"11":20,"12":20,"13":20,"14":1,"15":19,"16":19,"17":19,"18":57,"19":19,"20":19,"21":19,"22":19,"23":19,"24":0,"25":0,"26":0,"27":0,"28":5,"29":2,"30":2,"31":1,"32":1,"33":2,"34":0,"35":5,"36":4,"37":4,"38":4,"39":2,"40":2,"41":4,"42":3,"43":1,"44":0,"45":0,"46":0,"47":5,"48":3,"49":3,"50":1,"51":2,"52":2,"53":2,"54":1,"55":1,"56":1,"57":0,"58":0,"59":0,"60":0,"61":5},"f":{"0":20,"1":2,"2":4,"3":3},"b":{"0":[0,20],"1":[1,19],"2":[20,20],"3":[19,38],"4":[19,0],"5":[19,19],"6":[0,0],"7":[1,1],"8":[2,2],"9":[3,1],"10":[0,0],"11":[1,2],"12":[1,1],"13":[2,2],"14":[1,0],"15":[0,0]},"_coverageSchema":"1a1c01bbd47fc00a2c39e90264f33305004495a9","hash":"acbde1734ea9a208bf096919ce9f1164e28402ae"}
,"/Users/reetikachauhan/Documents/UW_programs/nodejs/Project Proposal/routes/flights.js": {"path":"/Users/reetikachauhan/Documents/UW_programs/nodejs/Project Proposal/routes/flights.js","statementMap":{"0":{"start":{"line":1,"column":19},"end":{"line":1,"column":37}},"1":{"start":{"line":2,"column":15},"end":{"line":2,"column":23}},"2":{"start":{"line":4,"column":17},"end":{"line":4,"column":41}},"3":{"start":{"line":5,"column":18},"end":{"line":5,"column":44}},"4":{"start":{"line":6,"column":19},"end":{"line":6,"column":46}},"5":{"start":{"line":7,"column":19},"end":{"line":7,"column":53}},"6":{"start":{"line":8,"column":16},"end":{"line":8,"column":54}},"7":{"start":{"line":11,"column":0},"end":{"line":30,"column":3}},"8":{"start":{"line":12,"column":22},"end":{"line":12,"column":30}},"9":{"start":{"line":13,"column":4},"end":{"line":29,"column":5}},"10":{"start":{"line":14,"column":8},"end":{"line":14,"column":44}},"11":{"start":{"line":16,"column":8},"end":{"line":28,"column":9}},"12":{"start":{"line":17,"column":33},"end":{"line":17,"column":75}},"13":{"start":{"line":18,"column":12},"end":{"line":18,"column":34}},"14":{"start":{"line":20,"column":12},"end":{"line":26,"column":13}},"15":{"start":{"line":22,"column":16},"end":{"line":22,"column":59}},"16":{"start":{"line":25,"column":16},"end":{"line":25,"column":28}},"17":{"start":{"line":27,"column":12},"end":{"line":27,"column":24}},"18":{"start":{"line":33,"column":0},"end":{"line":46,"column":3}},"19":{"start":{"line":34,"column":43},"end":{"line":34,"column":52}},"20":{"start":{"line":35,"column":8},"end":{"line":45,"column":9}},"21":{"start":{"line":36,"column":40},"end":{"line":36,"column":89}},"22":{"start":{"line":37,"column":40},"end":{"line":37,"column":87}},"23":{"start":{"line":37,"column":75},"end":{"line":37,"column":86}},"24":{"start":{"line":38,"column":38},"end":{"line":38,"column":86}},"25":{"start":{"line":39,"column":39},"end":{"line":39,"column":84}},"26":{"start":{"line":39,"column":72},"end":{"line":39,"column":83}},"27":{"start":{"line":41,"column":34},"end":{"line":41,"column":114}},"28":{"start":{"line":42,"column":12},"end":{"line":42,"column":55}},"29":{"start":{"line":44,"column":12},"end":{"line":44,"column":19}},"30":{"start":{"line":47,"column":0},"end":{"line":55,"column":3}},"31":{"start":{"line":48,"column":8},"end":{"line":53,"column":9}},"32":{"start":{"line":49,"column":34},"end":{"line":49,"column":62}},"33":{"start":{"line":50,"column":12},"end":{"line":50,"column":55}},"34":{"start":{"line":52,"column":12},"end":{"line":52,"column":19}},"35":{"start":{"line":58,"column":0},"end":{"line":66,"column":3}},"36":{"start":{"line":59,"column":21},"end":{"line":59,"column":34}},"37":{"start":{"line":60,"column":25},"end":{"line":60,"column":66}},"38":{"start":{"line":61,"column":4},"end":{"line":65,"column":7}},"39":{"start":{"line":62,"column":8},"end":{"line":62,"column":31}},"40":{"start":{"line":64,"column":8},"end":{"line":64,"column":28}},"41":{"start":{"line":68,"column":2},"end":{"line":68,"column":26}}},"fnMap":{"0":{"name":"(anonymous_0)","decl":{"start":{"line":11,"column":36},"end":{"line":11,"column":37}},"loc":{"start":{"line":11,"column":62},"end":{"line":30,"column":1}},"line":11},"1":{"name":"(anonymous_1)","decl":{"start":{"line":33,"column":22},"end":{"line":33,"column":23}},"loc":{"start":{"line":33,"column":48},"end":{"line":46,"column":1}},"line":33},"2":{"name":"(anonymous_2)","decl":{"start":{"line":37,"column":64},"end":{"line":37,"column":65}},"loc":{"start":{"line":37,"column":75},"end":{"line":37,"column":86}},"line":37},"3":{"name":"(anonymous_3)","decl":{"start":{"line":39,"column":61},"end":{"line":39,"column":62}},"loc":{"start":{"line":39,"column":72},"end":{"line":39,"column":83}},"line":39},"4":{"name":"(anonymous_4)","decl":{"start":{"line":47,"column":15},"end":{"line":47,"column":16}},"loc":{"start":{"line":47,"column":41},"end":{"line":55,"column":1}},"line":47},"5":{"name":"(anonymous_5)","decl":{"start":{"line":58,"column":19},"end":{"line":58,"column":20}},"loc":{"start":{"line":58,"column":45},"end":{"line":66,"column":1}},"line":58}},"branchMap":{"0":{"loc":{"start":{"line":13,"column":4},"end":{"line":29,"column":5}},"type":"if","locations":[{"start":{"line":13,"column":4},"end":{"line":29,"column":5}},{"start":{"line":15,"column":11},"end":{"line":29,"column":5}}],"line":13},"1":{"loc":{"start":{"line":20,"column":12},"end":{"line":26,"column":13}},"type":"if","locations":[{"start":{"line":20,"column":12},"end":{"line":26,"column":13}},{"start":{"line":23,"column":19},"end":{"line":26,"column":13}}],"line":20},"2":{"loc":{"start":{"line":61,"column":4},"end":{"line":65,"column":7}},"type":"if","locations":[{"start":{"line":61,"column":4},"end":{"line":65,"column":7}},{"start":{"line":63,"column":13},"end":{"line":65,"column":7}}],"line":61}},"s":{"0":5,"1":5,"2":5,"3":5,"4":5,"5":5,"6":5,"7":5,"8":2,"9":2,"10":1,"11":1,"12":1,"13":1,"14":0,"15":0,"16":0,"17":0,"18":5,"19":0,"20":0,"21":0,"22":0,"23":0,"24":0,"25":0,"26":0,"27":0,"28":0,"29":0,"30":5,"31":2,"32":2,"33":2,"34":0,"35":5,"36":3,"37":3,"38":3,"39":2,"40":1,"41":5},"f":{"0":2,"1":0,"2":0,"3":0,"4":2,"5":3},"b":{"0":[1,1],"1":[0,0],"2":[2,1]},"_coverageSchema":"1a1c01bbd47fc00a2c39e90264f33305004495a9","hash":"242e39c4bf684d83ec12a9b033dbd4a956a39246"}
,"/Users/reetikachauhan/Documents/UW_programs/nodejs/Project Proposal/routes/index.js": {"path":"/Users/reetikachauhan/Documents/UW_programs/nodejs/Project Proposal/routes/index.js","statementMap":{"0":{"start":{"line":1,"column":19},"end":{"line":1,"column":37}},"1":{"start":{"line":2,"column":15},"end":{"line":2,"column":23}},"2":{"start":{"line":5,"column":0},"end":{"line":5,"column":39}},"3":{"start":{"line":6,"column":0},"end":{"line":6,"column":47}},"4":{"start":{"line":7,"column":0},"end":{"line":7,"column":47}},"5":{"start":{"line":8,"column":0},"end":{"line":8,"column":45}},"6":{"start":{"line":9,"column":0},"end":{"line":9,"column":46}},"7":{"start":{"line":12,"column":0},"end":{"line":18,"column":3}},"8":{"start":{"line":13,"column":4},"end":{"line":17,"column":5}},"9":{"start":{"line":14,"column":8},"end":{"line":14,"column":58}},"10":{"start":{"line":16,"column":8},"end":{"line":16,"column":48}},"11":{"start":{"line":19,"column":0},"end":{"line":19,"column":24}}},"fnMap":{"0":{"name":"(anonymous_0)","decl":{"start":{"line":12,"column":11},"end":{"line":12,"column":12}},"loc":{"start":{"line":12,"column":33},"end":{"line":18,"column":1}},"line":12}},"branchMap":{"0":{"loc":{"start":{"line":13,"column":4},"end":{"line":17,"column":5}},"type":"if","locations":[{"start":{"line":13,"column":4},"end":{"line":17,"column":5}},{"start":{"line":15,"column":10},"end":{"line":17,"column":5}}],"line":13}},"s":{"0":5,"1":5,"2":5,"3":5,"4":5,"5":5,"6":5,"7":5,"8":0,"9":0,"10":0,"11":5},"f":{"0":0},"b":{"0":[0,0]},"_coverageSchema":"1a1c01bbd47fc00a2c39e90264f33305004495a9","hash":"eb3f8945d6e9b2259bfdfc59de562386a4d90210"}
}
