TN:
SF:server.js
FNF:0
FNH:0
DA:1,5
DA:3,5
DA:5,5
DA:7,5
DA:9,5
DA:11,5
LF:6
LH:6
BRF:0
BRH:0
end_of_record
TN:
SF:test-utils.js
FN:6,(anonymous_0)
FN:8,(anonymous_1)
FN:11,(anonymous_2)
FN:15,(anonymous_3)
FN:16,(anonymous_4)
FN:19,(anonymous_5)
FN:27,(anonymous_6)
FN:29,(anonymous_7)
FNF:8
FNH:5
FNDA:5,(anonymous_0)
FNDA:25,(anonymous_1)
FNDA:5,(anonymous_2)
FNDA:104,(anonymous_3)
FNDA:520,(anonymous_4)
FNDA:0,(anonymous_5)
FNDA:0,(anonymous_6)
FNDA:0,(anonymous_7)
DA:1,5
DA:2,5
DA:4,5
DA:6,5
DA:7,5
DA:8,25
DA:11,5
DA:12,5
DA:15,5
DA:16,520
DA:19,5
DA:20,0
DA:21,0
DA:22,0
DA:24,0
DA:27,5
DA:28,0
DA:29,0
DA:30,0
DA:32,0
LF:20
LH:12
BRDA:21,0,0,0
BRDA:21,0,1,0
BRF:2
BRH:0
end_of_record
TN:
SF:daos/airlines.js
FN:8,(anonymous_0)
FN:14,(anonymous_1)
FN:22,(anonymous_2)
FN:34,(anonymous_3)
FN:38,(anonymous_4)
FNF:5
FNH:5
FNDA:1,(anonymous_0)
FNDA:5,(anonymous_1)
FNDA:1,(anonymous_2)
FNDA:3,(anonymous_3)
FNDA:2,(anonymous_4)
DA:1,5
DA:2,5
DA:4,5
DA:8,5
DA:9,1
DA:10,1
DA:14,5
DA:15,5
DA:16,1
DA:18,4
DA:19,4
DA:22,5
DA:23,1
DA:24,1
DA:25,0
DA:27,1
DA:28,1
DA:30,0
DA:34,5
DA:35,3
DA:36,3
DA:38,5
DA:39,2
DA:40,1
DA:42,1
DA:43,1
DA:47,5
LF:27
LH:25
BRDA:15,0,0,1
BRDA:15,0,1,4
BRDA:24,1,0,0
BRDA:24,1,1,1
BRDA:39,2,0,1
BRDA:39,2,1,1
BRF:6
BRH:5
end_of_record
TN:
SF:daos/airports.js
FN:8,(anonymous_0)
FN:14,(anonymous_1)
FN:21,(anonymous_2)
FN:27,(anonymous_3)
FN:36,(anonymous_4)
FN:41,(anonymous_5)
FNF:6
FNH:6
FNDA:1,(anonymous_0)
FNDA:6,(anonymous_1)
FNDA:2,(anonymous_2)
FNDA:1,(anonymous_3)
FNDA:3,(anonymous_4)
FNDA:2,(anonymous_5)
DA:1,5
DA:2,5
DA:4,5
DA:8,5
DA:9,1
DA:10,1
DA:14,5
DA:15,6
DA:16,1
DA:18,5
DA:19,5
DA:21,5
DA:22,2
DA:27,5
DA:28,1
DA:29,0
DA:31,1
DA:32,1
DA:36,5
DA:37,3
DA:38,3
DA:41,5
DA:42,2
DA:43,1
DA:45,1
DA:46,1
DA:50,5
LF:27
LH:26
BRDA:15,0,0,1
BRDA:15,0,1,5
BRDA:28,1,0,0
BRDA:28,1,1,1
BRDA:42,2,0,1
BRDA:42,2,1,1
BRF:6
BRH:5
end_of_record
TN:
SF:daos/booking.js
FN:8,(anonymous_0)
FN:13,(anonymous_1)
FN:24,(anonymous_2)
FN:36,(anonymous_3)
FN:54,(anonymous_4)
FNF:5
FNH:5
FNDA:19,(anonymous_0)
FNDA:2,(anonymous_1)
FNDA:4,(anonymous_2)
FNDA:20,(anonymous_3)
FNDA:2,(anonymous_4)
DA:1,5
DA:2,5
DA:3,5
DA:4,5
DA:8,5
DA:9,19
DA:10,19
DA:13,5
DA:15,2
DA:16,1
DA:19,1
DA:22,2
DA:24,5
DA:26,4
DA:27,2
DA:30,2
DA:33,4
DA:36,5
DA:37,20
DA:38,20
DA:47,20
DA:49,0
DA:54,5
DA:55,2
DA:56,0
DA:58,2
DA:59,2
DA:60,2
DA:61,2
DA:148,2
DA:152,0
DA:161,5
LF:32
LH:29
BRDA:15,0,0,1
BRDA:15,0,1,1
BRDA:26,1,0,2
BRDA:26,1,1,2
BRDA:55,2,0,0
BRDA:55,2,1,2
BRF:6
BRH:5
end_of_record
TN:
SF:daos/flights.js
FN:6,(anonymous_0)
FN:12,(anonymous_1)
FN:21,(anonymous_2)
FN:78,(anonymous_3)
FN:98,(anonymous_4)
FNF:5
FNH:4
FNDA:2,(anonymous_0)
FNDA:3,(anonymous_1)
FNDA:0,(anonymous_2)
FNDA:19,(anonymous_3)
FNDA:1,(anonymous_4)
DA:1,5
DA:2,5
DA:4,5
DA:6,5
DA:7,2
DA:8,2
DA:12,5
DA:13,3
DA:14,1
DA:16,2
DA:17,2
DA:21,5
DA:22,0
DA:24,0
DA:25,0
DA:29,0
DA:71,0
DA:73,0
DA:74,0
DA:78,5
DA:79,19
DA:80,19
DA:82,19
DA:88,19
DA:89,0
DA:91,19
DA:93,0
DA:94,0
DA:98,5
DA:99,1
DA:100,1
DA:104,5
LF:32
LH:22
BRDA:13,0,0,1
BRDA:13,0,1,2
BRDA:24,1,0,0
BRDA:24,1,1,0
BRDA:24,2,0,0
BRDA:24,2,1,0
BRDA:88,3,0,0
BRDA:88,3,1,19
BRF:8
BRH:3
end_of_record
TN:
SF:daos/token.js
FN:6,(anonymous_0)
FN:23,(anonymous_1)
FN:26,(anonymous_2)
FN:27,(anonymous_3)
FNF:4
FNH:4
FNDA:78,(anonymous_0)
FNDA:51,(anonymous_1)
FNDA:51,(anonymous_2)
FNDA:51,(anonymous_3)
DA:1,5
DA:2,5
DA:4,5
DA:6,5
DA:7,78
DA:8,78
DA:9,78
DA:10,78
DA:16,78
DA:17,78
DA:19,0
DA:23,5
DA:24,51
DA:26,51
DA:27,51
DA:28,51
DA:29,0
DA:31,51
DA:38,5
LF:19
LH:17
BRDA:28,0,0,0
BRDA:28,0,1,51
BRF:2
BRH:1
end_of_record
TN:
SF:daos/user.js
FN:8,(anonymous_0)
FN:14,(anonymous_1)
FN:19,(anonymous_2)
FNF:3
FNH:3
FNDA:83,(anonymous_0)
FNDA:2,(anonymous_1)
FNDA:92,(anonymous_2)
DA:1,5
DA:2,5
DA:4,5
DA:8,5
DA:9,83
DA:10,83
DA:14,5
DA:15,2
DA:16,2
DA:19,5
DA:20,92
DA:21,92
DA:22,92
DA:24,91
DA:26,1
DA:27,1
DA:29,0
DA:34,5
LF:18
LH:17
BRDA:26,0,0,1
BRDA:26,0,1,0
BRDA:26,1,0,1
BRDA:26,1,1,1
BRF:4
BRH:3
end_of_record
TN:
SF:middleware/authorization.js
FN:1,(anonymous_0)
FNF:1
FNH:1
FNDA:19,(anonymous_0)
DA:1,5
DA:2,19
DA:3,19
DA:4,14
DA:6,5
DA:9,0
DA:13,5
LF:7
LH:6
BRDA:3,0,0,14
BRDA:3,0,1,5
BRF:2
BRH:2
end_of_record
TN:
SF:middleware/logged_in.js
FN:3,(anonymous_0)
FNF:1
FNH:1
FNDA:65,(anonymous_0)
DA:1,5
DA:3,5
DA:5,65
DA:7,65
DA:8,14
DA:11,51
DA:13,51
DA:15,51
DA:16,0
DA:19,51
DA:22,51
DA:24,0
DA:25,0
DA:28,0
DA:32,5
LF:15
LH:11
BRDA:7,0,0,14
BRDA:7,0,1,51
BRDA:7,1,0,65
BRDA:7,1,1,58
BRDA:15,2,0,0
BRDA:15,2,1,51
BRDA:24,3,0,0
BRDA:24,3,1,0
BRDA:24,4,0,0
BRDA:24,4,1,0
BRF:10
BRH:5
end_of_record
TN:
SF:models/airlines.js
FNF:0
FNH:0
DA:1,5
DA:3,5
DA:11,5
LF:3
LH:3
BRF:0
BRH:0
end_of_record
TN:
SF:models/airports.js
FNF:0
FNH:0
DA:1,5
DA:3,5
DA:10,5
DA:11,5
LF:4
LH:4
BRF:0
BRH:0
end_of_record
TN:
SF:models/booking.js
FNF:0
FNH:0
DA:1,5
DA:3,5
DA:13,5
LF:3
LH:3
BRF:0
BRH:0
end_of_record
TN:
SF:models/flights.js
FNF:0
FNH:0
DA:1,5
DA:3,5
DA:27,5
LF:3
LH:3
BRF:0
BRH:0
end_of_record
TN:
SF:models/user.js
FNF:0
FNH:0
DA:1,5
DA:3,5
DA:13,5
LF:3
LH:3
BRF:0
BRH:0
end_of_record
TN:
SF:routes/airlines.js
FN:10,(anonymous_0)
FN:31,(anonymous_1)
FN:41,(anonymous_2)
FN:64,(anonymous_3)
FN:76,(anonymous_4)
FNF:5
FNH:5
FNDA:5,(anonymous_0)
FNDA:1,(anonymous_1)
FNDA:5,(anonymous_2)
FNDA:1,(anonymous_3)
FNDA:2,(anonymous_4)
DA:1,5
DA:2,5
DA:4,5
DA:5,5
DA:6,5
DA:7,5
DA:10,5
DA:11,5
DA:12,5
DA:13,2
DA:15,3
DA:16,3
DA:17,3
DA:19,0
DA:21,0
DA:24,0
DA:31,5
DA:32,1
DA:33,1
DA:34,1
DA:36,0
DA:41,5
DA:42,5
DA:43,5
DA:44,5
DA:45,5
DA:46,4
DA:50,1
DA:53,0
DA:55,0
DA:58,0
DA:59,0
DA:64,5
DA:65,1
DA:66,1
DA:67,1
DA:68,1
DA:69,1
DA:71,0
DA:76,5
DA:77,2
DA:78,2
DA:79,2
DA:80,2
DA:82,0
DA:87,5
LF:46
LH:36
BRDA:12,0,0,2
BRDA:12,0,1,3
BRDA:12,1,0,5
BRDA:12,1,1,5
BRDA:12,1,2,4
BRDA:12,1,3,3
BRDA:19,2,0,0
BRDA:19,2,1,0
BRDA:45,3,0,4
BRDA:45,3,1,1
BRDA:53,4,0,0
BRDA:53,4,1,0
BRDA:80,5,0,1
BRDA:80,5,1,1
BRF:14
BRH:10
end_of_record
TN:
SF:routes/airports.js
FN:10,(anonymous_0)
FN:33,(anonymous_1)
FN:53,(anonymous_2)
FN:63,(anonymous_3)
FN:74,(anonymous_4)
FNF:5
FNH:5
FNDA:5,(anonymous_0)
FNDA:3,(anonymous_1)
FNDA:6,(anonymous_2)
FNDA:1,(anonymous_3)
FNDA:2,(anonymous_4)
DA:1,5
DA:2,5
DA:4,5
DA:5,5
DA:6,5
DA:7,5
DA:10,5
DA:11,5
DA:12,5
DA:13,2
DA:16,3
DA:17,3
DA:18,3
DA:20,0
DA:22,0
DA:25,0
DA:27,0
DA:33,5
DA:34,3
DA:35,1
DA:36,1
DA:37,1
DA:39,0
DA:44,2
DA:45,2
DA:46,2
DA:48,0
DA:53,5
DA:54,6
DA:55,6
DA:56,6
DA:57,5
DA:59,1
DA:63,5
DA:64,1
DA:65,1
DA:66,1
DA:67,1
DA:68,1
DA:70,0
DA:74,5
DA:75,2
DA:76,2
DA:77,2
DA:78,2
DA:80,0
DA:84,5
LF:47
LH:39
BRDA:12,0,0,2
BRDA:12,0,1,3
BRDA:12,1,0,5
BRDA:12,1,1,5
BRDA:12,1,2,4
BRDA:12,1,3,3
BRDA:20,2,0,0
BRDA:20,2,1,0
BRDA:34,3,0,1
BRDA:34,3,1,2
BRDA:56,4,0,5
BRDA:56,4,1,1
BRDA:78,5,0,1
BRDA:78,5,1,1
BRF:14
BRH:12
end_of_record
TN:
SF:routes/auth.js
FN:10,(anonymous_0)
FN:43,(anonymous_1)
FN:65,(anonymous_2)
FNF:3
FNH:3
FNDA:85,(anonymous_0)
FNDA:94,(anonymous_1)
FNDA:3,(anonymous_2)
DA:1,5
DA:2,5
DA:4,5
DA:5,5
DA:6,5
DA:8,5
DA:10,5
DA:11,85
DA:12,85
DA:13,2
DA:15,83
DA:16,83
DA:17,83
DA:18,1
DA:20,82
DA:21,82
DA:22,4
DA:24,78
DA:25,78
DA:29,0
DA:31,0
DA:34,0
DA:36,0
DA:43,5
DA:44,94
DA:45,94
DA:46,2
DA:48,92
DA:49,92
DA:50,91
DA:53,1
DA:55,1
DA:58,0
DA:65,5
DA:66,3
DA:67,3
DA:68,1
DA:70,2
DA:71,2
DA:72,2
DA:73,2
DA:75,0
DA:81,5
LF:43
LH:37
BRDA:12,0,0,2
BRDA:12,0,1,83
BRDA:12,1,0,85
BRDA:12,1,1,85
BRDA:12,1,2,83
BRDA:17,2,0,1
BRDA:17,2,1,82
BRDA:21,3,0,4
BRDA:21,3,1,78
BRDA:29,4,0,0
BRDA:29,4,1,0
BRDA:45,5,0,2
BRDA:45,5,1,92
BRDA:45,6,0,94
BRDA:45,6,1,94
BRDA:45,6,2,92
BRDA:53,7,0,1
BRDA:53,7,1,0
BRDA:67,8,0,1
BRDA:67,8,1,2
BRF:20
BRH:17
end_of_record
TN:
SF:routes/booking.js
FN:12,(anonymous_0)
FN:48,(anonymous_1)
FN:63,(anonymous_2)
FN:89,(anonymous_3)
FNF:4
FNH:4
FNDA:20,(anonymous_0)
FNDA:2,(anonymous_1)
FNDA:4,(anonymous_2)
FNDA:3,(anonymous_3)
DA:1,5
DA:2,5
DA:4,5
DA:5,5
DA:6,5
DA:7,5
DA:8,5
DA:12,5
DA:13,20
DA:15,20
DA:16,0
DA:18,20
DA:19,20
DA:20,20
DA:21,1
DA:23,19
DA:24,19
DA:25,57
DA:26,19
DA:27,19
DA:28,19
DA:29,19
DA:30,19
DA:36,0
DA:38,0
DA:41,0
DA:43,0
DA:48,5
DA:51,2
DA:52,2
DA:53,1
DA:55,1
DA:57,2
DA:59,0
DA:63,5
DA:64,4
DA:67,4
DA:68,4
DA:69,2
DA:71,2
DA:73,4
DA:74,3
DA:76,1
DA:79,0
DA:81,0
DA:84,0
DA:89,5
DA:90,3
DA:91,3
DA:92,1
DA:95,2
DA:96,2
DA:97,2
DA:98,1
DA:100,1
DA:101,1
DA:104,0
DA:108,0
DA:110,0
DA:113,0
DA:120,5
LF:61
LH:48
BRDA:15,0,0,0
BRDA:15,0,1,20
BRDA:20,1,0,1
BRDA:20,1,1,19
BRDA:20,2,0,20
BRDA:20,2,1,20
BRDA:25,3,0,19
BRDA:25,3,1,38
BRDA:29,4,0,19
BRDA:29,4,1,0
BRDA:29,5,0,19
BRDA:29,5,1,19
BRDA:36,6,0,0
BRDA:36,6,1,0
BRDA:52,7,0,1
BRDA:52,7,1,1
BRDA:68,8,0,2
BRDA:68,8,1,2
BRDA:73,9,0,3
BRDA:73,9,1,1
BRDA:79,10,0,0
BRDA:79,10,1,0
BRDA:91,11,0,1
BRDA:91,11,1,2
BRDA:97,12,0,1
BRDA:97,12,1,1
BRDA:97,13,0,2
BRDA:97,13,1,2
BRDA:100,14,0,1
BRDA:100,14,1,0
BRDA:108,15,0,0
BRDA:108,15,1,0
BRF:32
BRH:23
end_of_record
TN:
SF:routes/flights.js
FN:11,(anonymous_0)
FN:33,(anonymous_1)
FN:37,(anonymous_2)
FN:39,(anonymous_3)
FN:47,(anonymous_4)
FN:58,(anonymous_5)
FNF:6
FNH:3
FNDA:2,(anonymous_0)
FNDA:0,(anonymous_1)
FNDA:0,(anonymous_2)
FNDA:0,(anonymous_3)
FNDA:2,(anonymous_4)
FNDA:3,(anonymous_5)
DA:1,5
DA:2,5
DA:4,5
DA:5,5
DA:6,5
DA:7,5
DA:8,5
DA:11,5
DA:12,2
DA:13,2
DA:14,1
DA:16,1
DA:17,1
DA:18,1
DA:20,0
DA:22,0
DA:25,0
DA:27,0
DA:33,5
DA:34,0
DA:35,0
DA:36,0
DA:37,0
DA:38,0
DA:39,0
DA:41,0
DA:42,0
DA:44,0
DA:47,5
DA:48,2
DA:49,2
DA:50,2
DA:52,0
DA:58,5
DA:59,3
DA:60,3
DA:61,3
DA:62,2
DA:64,1
DA:68,5
LF:40
LH:26
BRDA:13,0,0,1
BRDA:13,0,1,1
BRDA:20,1,0,0
BRDA:20,1,1,0
BRDA:61,2,0,2
BRDA:61,2,1,1
BRF:6
BRH:4
end_of_record
TN:
SF:routes/index.js
FN:12,(anonymous_0)
FNF:1
FNH:0
FNDA:0,(anonymous_0)
DA:1,5
DA:2,5
DA:5,5
DA:6,5
DA:7,5
DA:8,5
DA:9,5
DA:12,5
DA:13,0
DA:14,0
DA:16,0
DA:19,5
LF:12
LH:9
BRDA:13,0,0,0
BRDA:13,0,1,0
BRF:2
BRH:0
end_of_record
